{"/home/travis/build/npmtest/node-npmtest-p2p/test.js":{"path":"/home/travis/build/npmtest/node-npmtest-p2p/test.js","s":{"1":2,"2":2,"3":2,"4":2,"5":2,"6":2,"7":2,"8":1,"9":2,"10":2,"11":1,"12":1,"13":1,"14":1,"15":2,"16":2,"17":2,"18":2,"19":1,"20":1,"21":2,"22":2,"23":2,"24":1,"25":1,"26":1,"27":1,"28":1,"29":1,"30":1,"31":1,"32":1,"33":1,"34":1,"35":1,"36":1,"37":1,"38":1,"39":2,"40":2,"41":1,"42":2,"43":2,"44":1,"45":2,"46":2,"47":1,"48":2,"49":2,"50":1,"51":1,"52":1,"53":1,"54":1},"b":{"1":[2,1,1,1],"2":[1,1,1,1],"3":[1,1],"4":[1,1],"5":[1,1],"6":[1,1],"7":[1,1],"8":[1,1],"9":[1,1],"10":[1,1,1],"11":[1,1],"12":[1,1],"13":[1,1],"14":[1,1],"15":[1,1],"16":[1,1],"17":[1,1]},"f":{"1":2,"2":2,"3":2,"4":2,"5":2,"6":1,"7":1,"8":1,"9":2,"10":2,"11":2,"12":2,"13":1},"fnMap":{"1":{"name":"(anonymous_1)","line":12,"loc":{"start":{"line":12,"column":1},"end":{"line":12,"column":13}}},"2":{"name":"(anonymous_2)","line":19,"loc":{"start":{"line":19,"column":5},"end":{"line":19,"column":17}}},"3":{"name":"(anonymous_3)","line":23,"loc":{"start":{"line":23,"column":24},"end":{"line":23,"column":36}}},"4":{"name":"(anonymous_4)","line":61,"loc":{"start":{"line":61,"column":5},"end":{"line":61,"column":17}}},"5":{"name":"(anonymous_5)","line":82,"loc":{"start":{"line":82,"column":5},"end":{"line":82,"column":17}}},"6":{"name":"(anonymous_6)","line":91,"loc":{"start":{"line":91,"column":77},"end":{"line":94,"column":10}}},"7":{"name":"(anonymous_7)","line":112,"loc":{"start":{"line":112,"column":83},"end":{"line":115,"column":10}},"skip":true},"8":{"name":"(anonymous_8)","line":123,"loc":{"start":{"line":123,"column":77},"end":{"line":126,"column":10}},"skip":true},"9":{"name":"(anonymous_9)","line":139,"loc":{"start":{"line":139,"column":12},"end":{"line":139,"column":40}},"skip":true},"10":{"name":"(anonymous_10)","line":147,"loc":{"start":{"line":147,"column":77},"end":{"line":150,"column":10}},"skip":true},"11":{"name":"(anonymous_11)","line":158,"loc":{"start":{"line":158,"column":83},"end":{"line":161,"column":10}},"skip":true},"12":{"name":"(anonymous_12)","line":169,"loc":{"start":{"line":169,"column":79},"end":{"line":172,"column":10}},"skip":true},"13":{"name":"(anonymous_13)","line":180,"loc":{"start":{"line":180,"column":75},"end":{"line":183,"column":10}},"skip":true}},"statementMap":{"1":{"start":{"line":12,"column":0},"end":{"line":195,"column":5}},"2":{"start":{"line":14,"column":4},"end":{"line":14,"column":14}},"3":{"start":{"line":19,"column":4},"end":{"line":56,"column":9}},"4":{"start":{"line":21,"column":8},"end":{"line":21,"column":19}},"5":{"start":{"line":23,"column":8},"end":{"line":35,"column":13}},"6":{"start":{"line":24,"column":12},"end":{"line":34,"column":13}},"7":{"start":{"line":25,"column":16},"end":{"line":28,"column":30}},"8":{"start":{"line":30,"column":16},"end":{"line":33,"column":27}},"9":{"start":{"line":37,"column":8},"end":{"line":39,"column":21}},"10":{"start":{"line":40,"column":8},"end":{"line":53,"column":9}},"11":{"start":{"line":43,"column":12},"end":{"line":46,"column":14}},"12":{"start":{"line":47,"column":12},"end":{"line":47,"column":18}},"13":{"start":{"line":50,"column":12},"end":{"line":51,"column":33}},"14":{"start":{"line":52,"column":12},"end":{"line":52,"column":18}},"15":{"start":{"line":55,"column":8},"end":{"line":55,"column":35}},"16":{"start":{"line":61,"column":4},"end":{"line":63,"column":9}},"17":{"start":{"line":62,"column":8},"end":{"line":62,"column":15}},"18":{"start":{"line":64,"column":4},"end":{"line":77,"column":5}},"19":{"start":{"line":70,"column":8},"end":{"line":70,"column":14}},"20":{"start":{"line":76,"column":8},"end":{"line":76,"column":14}},"21":{"start":{"line":82,"column":4},"end":{"line":84,"column":9}},"22":{"start":{"line":83,"column":8},"end":{"line":83,"column":15}},"23":{"start":{"line":85,"column":4},"end":{"line":194,"column":5}},"24":{"start":{"line":91,"column":8},"end":{"line":99,"column":10}},"25":{"start":{"line":98,"column":12},"end":{"line":98,"column":35}},"26":{"start":{"line":102,"column":8},"end":{"line":104,"column":63}},"27":{"start":{"line":105,"column":8},"end":{"line":105,"column":14}},"28":{"start":{"line":112,"column":8},"end":{"line":121,"column":10},"skip":true},"29":{"start":{"line":119,"column":12},"end":{"line":119,"column":55},"skip":true},"30":{"start":{"line":120,"column":12},"end":{"line":120,"column":48},"skip":true},"31":{"start":{"line":123,"column":8},"end":{"line":136,"column":10},"skip":true},"32":{"start":{"line":130,"column":12},"end":{"line":130,"column":76},"skip":true},"33":{"start":{"line":131,"column":12},"end":{"line":131,"column":73},"skip":true},"34":{"start":{"line":132,"column":12},"end":{"line":132,"column":74},"skip":true},"35":{"start":{"line":133,"column":12},"end":{"line":133,"column":79},"skip":true},"36":{"start":{"line":134,"column":12},"end":{"line":134,"column":25},"skip":true},"37":{"start":{"line":135,"column":12},"end":{"line":135,"column":45},"skip":true},"38":{"start":{"line":138,"column":8},"end":{"line":145,"column":14},"skip":true},"39":{"start":{"line":143,"column":16},"end":{"line":143,"column":29},"skip":true},"40":{"start":{"line":144,"column":16},"end":{"line":144,"column":55},"skip":true},"41":{"start":{"line":147,"column":8},"end":{"line":156,"column":10},"skip":true},"42":{"start":{"line":154,"column":12},"end":{"line":154,"column":25},"skip":true},"43":{"start":{"line":155,"column":12},"end":{"line":155,"column":45},"skip":true},"44":{"start":{"line":158,"column":8},"end":{"line":167,"column":10},"skip":true},"45":{"start":{"line":165,"column":12},"end":{"line":165,"column":25},"skip":true},"46":{"start":{"line":166,"column":12},"end":{"line":166,"column":48},"skip":true},"47":{"start":{"line":169,"column":8},"end":{"line":178,"column":10},"skip":true},"48":{"start":{"line":176,"column":12},"end":{"line":176,"column":25},"skip":true},"49":{"start":{"line":177,"column":12},"end":{"line":177,"column":46},"skip":true},"50":{"start":{"line":180,"column":8},"end":{"line":189,"column":10},"skip":true},"51":{"start":{"line":187,"column":12},"end":{"line":187,"column":94},"skip":true},"52":{"start":{"line":188,"column":12},"end":{"line":188,"column":48},"skip":true},"53":{"start":{"line":192,"column":8},"end":{"line":192,"column":35},"skip":true},"54":{"start":{"line":193,"column":8},"end":{"line":193,"column":14},"skip":true}},"branchMap":{"1":{"line":25,"type":"binary-expr","locations":[{"start":{"line":25,"column":23},"end":{"line":25,"column":62}},{"start":{"line":26,"column":20},"end":{"line":26,"column":70}},{"start":{"line":27,"column":20},"end":{"line":27,"column":71}},{"start":{"line":28,"column":20},"end":{"line":28,"column":29}}]},"2":{"line":30,"type":"binary-expr","locations":[{"start":{"line":30,"column":23},"end":{"line":30,"column":37}},{"start":{"line":31,"column":20},"end":{"line":31,"column":61}},{"start":{"line":32,"column":20},"end":{"line":32,"column":70}},{"start":{"line":33,"column":20},"end":{"line":33,"column":26}}]},"3":{"line":37,"type":"cond-expr","locations":[{"start":{"line":38,"column":14},"end":{"line":38,"column":20}},{"start":{"line":39,"column":14},"end":{"line":39,"column":20}}]},"4":{"line":40,"type":"switch","locations":[{"start":{"line":42,"column":8},"end":{"line":47,"column":18}},{"start":{"line":49,"column":8},"end":{"line":52,"column":18}}]},"5":{"line":44,"type":"binary-expr","locations":[{"start":{"line":44,"column":16},"end":{"line":44,"column":44}},{"start":{"line":44,"column":48},"end":{"line":44,"column":66}}]},"6":{"line":50,"type":"binary-expr","locations":[{"start":{"line":50,"column":21},"end":{"line":50,"column":49}},{"start":{"line":50,"column":53},"end":{"line":50,"column":72}}]},"7":{"line":64,"type":"switch","locations":[{"start":{"line":69,"column":4},"end":{"line":70,"column":14}},{"start":{"line":75,"column":4},"end":{"line":76,"column":14}}]},"8":{"line":85,"type":"switch","locations":[{"start":{"line":90,"column":4},"end":{"line":105,"column":14}},{"start":{"line":111,"column":4},"end":{"line":193,"column":14},"skip":true}]},"9":{"line":91,"type":"binary-expr","locations":[{"start":{"line":91,"column":42},"end":{"line":91,"column":73}},{"start":{"line":91,"column":77},"end":{"line":99,"column":9}}]},"10":{"line":102,"type":"binary-expr","locations":[{"start":{"line":102,"column":18},"end":{"line":102,"column":32}},{"start":{"line":103,"column":12},"end":{"line":103,"column":53}},{"start":{"line":104,"column":12},"end":{"line":104,"column":61}}]},"11":{"line":112,"type":"binary-expr","locations":[{"start":{"line":112,"column":45},"end":{"line":112,"column":79},"skip":true},{"start":{"line":112,"column":83},"end":{"line":121,"column":9},"skip":true}]},"12":{"line":123,"type":"binary-expr","locations":[{"start":{"line":123,"column":42},"end":{"line":123,"column":73},"skip":true},{"start":{"line":123,"column":77},"end":{"line":136,"column":9},"skip":true}]},"13":{"line":138,"type":"binary-expr","locations":[{"start":{"line":138,"column":48},"end":{"line":138,"column":85},"skip":true},{"start":{"line":139,"column":12},"end":{"line":145,"column":13},"skip":true}]},"14":{"line":147,"type":"binary-expr","locations":[{"start":{"line":147,"column":42},"end":{"line":147,"column":73},"skip":true},{"start":{"line":147,"column":77},"end":{"line":156,"column":9},"skip":true}]},"15":{"line":158,"type":"binary-expr","locations":[{"start":{"line":158,"column":45},"end":{"line":158,"column":79},"skip":true},{"start":{"line":158,"column":83},"end":{"line":167,"column":9},"skip":true}]},"16":{"line":169,"type":"binary-expr","locations":[{"start":{"line":169,"column":43},"end":{"line":169,"column":75},"skip":true},{"start":{"line":169,"column":79},"end":{"line":178,"column":9},"skip":true}]},"17":{"line":180,"type":"binary-expr","locations":[{"start":{"line":180,"column":41},"end":{"line":180,"column":71},"skip":true},{"start":{"line":180,"column":75},"end":{"line":189,"column":9},"skip":true}]}},"code":["/* istanbul instrument in package npmtest_p2p */","/*jslint","    bitwise: true,","    browser: true,","    maxerr: 8,","    maxlen: 96,","    node: true,","    nomen: true,","    regexp: true,","    stupid: true","*/","(function () {","    'use strict';","    var local;","","","","    // run shared js-env code - pre-init","    (function () {","        // init local","        local = {};","        // init modeJs","        local.modeJs = (function () {","            try {","                return typeof navigator.userAgent === 'string' &&","                    typeof document.querySelector('body') === 'object' &&","                    typeof XMLHttpRequest.prototype.open === 'function' &&","                    'browser';","            } catch (errorCaughtBrowser) {","                return module.exports &&","                    typeof process.versions.node === 'string' &&","                    typeof require('http').createServer === 'function' &&","                    'node';","            }","        }());","        // init global","        local.global = local.modeJs === 'browser'","            ? window","            : global;","        switch (local.modeJs) {","        // re-init local from window.local","        case 'browser':","            local = local.global.utility2.objectSetDefault(","                local.global.utility2_rollup || local.global.local,","                local.global.utility2","            );","            break;","        // re-init local from example.js","        case 'node':","            local = (local.global.utility2_rollup || require('utility2'))","                .requireReadme();","            break;","        }","        // export local","        local.global.local = local;","    }());","","","","    // run shared js-env code - function","    (function () {","        return;","    }());","    switch (local.modeJs) {","","","","    // run browser js-env code - function","    case 'browser':","        break;","","","","    // run node js-env code - function","    case 'node':","        break;","    }","","","","    // run shared js-env code - post-init","    (function () {","        return;","    }());","    switch (local.modeJs) {","","","","    // run browser js-env code - post-init","    case 'browser':","        local.testCase_browser_nullCase = local.testCase_browser_nullCase || function (","            options,","            onError","        ) {","        /*","         * this function will test browsers's null-case handling-behavior-behavior","         */","            onError(null, options);","        };","","        // run tests","        local.nop(local.modeTest &&","            document.querySelector('#testRunButton1') &&","            document.querySelector('#testRunButton1').click());","        break;","","","","    // run node js-env code - post-init","    /* istanbul ignore next */","    case 'node':","        local.testCase_buildApidoc_default = local.testCase_buildApidoc_default || function (","            options,","            onError","        ) {","        /*","         * this function will test buildApidoc's default handling-behavior-behavior","         */","            options = { modulePathList: module.paths };","            local.buildApidoc(options, onError);","        };","","        local.testCase_buildApp_default = local.testCase_buildApp_default || function (","            options,","            onError","        ) {","        /*","         * this function will test buildApp's default handling-behavior-behavior","         */","            local.testCase_buildReadme_default(options, local.onErrorThrow);","            local.testCase_buildLib_default(options, local.onErrorThrow);","            local.testCase_buildTest_default(options, local.onErrorThrow);","            local.testCase_buildCustomOrg_default(options, local.onErrorThrow);","            options = [];","            local.buildApp(options, onError);","        };","","        local.testCase_buildCustomOrg_default = local.testCase_buildCustomOrg_default ||","            function (options, onError) {","            /*","             * this function will test buildCustomOrg's default handling-behavior","             */","                options = {};","                local.buildCustomOrg(options, onError);","            };","","        local.testCase_buildLib_default = local.testCase_buildLib_default || function (","            options,","            onError","        ) {","        /*","         * this function will test buildLib's default handling-behavior","         */","            options = {};","            local.buildLib(options, onError);","        };","","        local.testCase_buildReadme_default = local.testCase_buildReadme_default || function (","            options,","            onError","        ) {","        /*","         * this function will test buildReadme's default handling-behavior-behavior","         */","            options = {};","            local.buildReadme(options, onError);","        };","","        local.testCase_buildTest_default = local.testCase_buildTest_default || function (","            options,","            onError","        ) {","        /*","         * this function will test buildTest's default handling-behavior","         */","            options = {};","            local.buildTest(options, onError);","        };","","        local.testCase_webpage_default = local.testCase_webpage_default || function (","            options,","            onError","        ) {","        /*","         * this function will test webpage's default handling-behavior","         */","            options = { modeCoverageMerge: true, url: local.serverLocalHost + '?modeTest=1' };","            local.browserTest(options, onError);","        };","","        // run test-server","        local.testRunServer(local);","        break;","    }","}());",""],"l":{"12":2,"14":2,"19":2,"21":2,"23":2,"24":2,"25":2,"30":1,"37":2,"40":2,"43":1,"47":1,"50":1,"52":1,"55":2,"61":2,"62":2,"64":2,"70":1,"76":1,"82":2,"83":2,"85":2,"91":1,"98":1,"102":1,"105":1,"112":1,"119":1,"120":1,"123":1,"130":1,"131":1,"132":1,"133":1,"134":1,"135":1,"138":1,"143":2,"144":2,"147":1,"154":2,"155":2,"158":1,"165":2,"166":2,"169":1,"176":2,"177":2,"180":1,"187":1,"188":1,"192":1,"193":1}},"/home/travis/build/npmtest/node-npmtest-p2p/lib.npmtest_p2p.js":{"path":"/home/travis/build/npmtest/node-npmtest-p2p/lib.npmtest_p2p.js","s":{"1":2,"2":2,"3":2,"4":2,"5":2,"6":2,"7":2,"8":1,"9":2,"10":2,"11":2,"12":2,"13":1,"14":1,"15":1,"16":1},"b":{"1":[2,1,1,1],"2":[1,1,1,1],"3":[1,1],"4":[2,2],"5":[1,1]},"f":{"1":2,"2":2,"3":2},"fnMap":{"1":{"name":"(anonymous_1)","line":12,"loc":{"start":{"line":12,"column":1},"end":{"line":12,"column":13}}},"2":{"name":"(anonymous_2)","line":19,"loc":{"start":{"line":19,"column":5},"end":{"line":19,"column":17}}},"3":{"name":"(anonymous_3)","line":23,"loc":{"start":{"line":23,"column":24},"end":{"line":23,"column":36}}}},"statementMap":{"1":{"start":{"line":12,"column":0},"end":{"line":53,"column":5}},"2":{"start":{"line":14,"column":4},"end":{"line":14,"column":14}},"3":{"start":{"line":19,"column":4},"end":{"line":52,"column":9}},"4":{"start":{"line":21,"column":8},"end":{"line":21,"column":19}},"5":{"start":{"line":23,"column":8},"end":{"line":35,"column":13}},"6":{"start":{"line":24,"column":12},"end":{"line":34,"column":13}},"7":{"start":{"line":25,"column":16},"end":{"line":28,"column":30}},"8":{"start":{"line":30,"column":16},"end":{"line":33,"column":27}},"9":{"start":{"line":37,"column":8},"end":{"line":39,"column":21}},"10":{"start":{"line":41,"column":8},"end":{"line":41,"column":54}},"11":{"start":{"line":43,"column":8},"end":{"line":43,"column":48}},"12":{"start":{"line":45,"column":8},"end":{"line":51,"column":9}},"13":{"start":{"line":46,"column":12},"end":{"line":46,"column":54}},"14":{"start":{"line":48,"column":12},"end":{"line":48,"column":35}},"15":{"start":{"line":49,"column":12},"end":{"line":49,"column":49}},"16":{"start":{"line":50,"column":12},"end":{"line":50,"column":43}}},"branchMap":{"1":{"line":25,"type":"binary-expr","locations":[{"start":{"line":25,"column":23},"end":{"line":25,"column":62}},{"start":{"line":26,"column":20},"end":{"line":26,"column":70}},{"start":{"line":27,"column":20},"end":{"line":27,"column":71}},{"start":{"line":28,"column":20},"end":{"line":28,"column":29}}]},"2":{"line":30,"type":"binary-expr","locations":[{"start":{"line":30,"column":23},"end":{"line":30,"column":37}},{"start":{"line":31,"column":20},"end":{"line":31,"column":61}},{"start":{"line":32,"column":20},"end":{"line":32,"column":70}},{"start":{"line":33,"column":20},"end":{"line":33,"column":26}}]},"3":{"line":37,"type":"cond-expr","locations":[{"start":{"line":38,"column":14},"end":{"line":38,"column":20}},{"start":{"line":39,"column":14},"end":{"line":39,"column":20}}]},"4":{"line":41,"type":"binary-expr","locations":[{"start":{"line":41,"column":16},"end":{"line":41,"column":44}},{"start":{"line":41,"column":48},"end":{"line":41,"column":53}}]},"5":{"line":45,"type":"if","locations":[{"start":{"line":45,"column":8},"end":{"line":45,"column":8}},{"start":{"line":45,"column":8},"end":{"line":45,"column":8}}]}},"code":["/* istanbul instrument in package npmtest_p2p */","/*jslint","    bitwise: true,","    browser: true,","    maxerr: 8,","    maxlen: 96,","    node: true,","    nomen: true,","    regexp: true,","    stupid: true","*/","(function () {","    'use strict';","    var local;","","","","    // run shared js-env code - pre-init","    (function () {","        // init local","        local = {};","        // init modeJs","        local.modeJs = (function () {","            try {","                return typeof navigator.userAgent === 'string' &&","                    typeof document.querySelector('body') === 'object' &&","                    typeof XMLHttpRequest.prototype.open === 'function' &&","                    'browser';","            } catch (errorCaughtBrowser) {","                return module.exports &&","                    typeof process.versions.node === 'string' &&","                    typeof require('http').createServer === 'function' &&","                    'node';","            }","        }());","        // init global","        local.global = local.modeJs === 'browser'","            ? window","            : global;","        // init utility2_rollup","        local = local.global.utility2_rollup || local;","        // init lib","        local.local = local.npmtest_p2p = local;","        // init exports","        if (local.modeJs === 'browser') {","            local.global.utility2_npmtest_p2p = local;","        } else {","            module.exports = local;","            module.exports.__dirname = __dirname;","            module.exports.module = module;","        }","    }());","}());",""],"l":{"12":2,"14":2,"19":2,"21":2,"23":2,"24":2,"25":2,"30":1,"37":2,"41":2,"43":2,"45":2,"46":1,"48":1,"49":1,"50":1}},"/home/travis/build/npmtest/node-npmtest-p2p/example.js":{"path":"/home/travis/build/npmtest/node-npmtest-p2p/example.js","s":{"1":2,"2":2,"3":2,"4":2,"5":2,"6":2,"7":2,"8":1,"9":2,"10":2,"11":2,"12":2,"13":1,"14":2,"15":2,"16":2,"17":2,"18":2,"19":0,"20":2,"21":1,"22":1,"23":1,"24":1,"25":1,"26":0,"27":0,"28":1,"29":1,"30":2,"31":0,"32":0,"33":0,"34":1,"35":2,"36":2,"37":3,"38":3,"39":3,"40":3,"41":0,"42":3,"43":3,"44":3,"45":1,"46":3,"47":1,"48":1,"49":1,"50":1,"51":1,"52":1,"53":1,"54":1,"55":1,"56":1,"57":0,"58":1,"59":6,"60":6,"61":1,"62":2,"63":0,"64":2,"65":1,"66":1,"67":0,"68":0,"69":0,"70":0,"71":0,"72":0,"73":0,"74":0,"75":0,"76":0,"77":0,"78":0,"79":0,"80":0,"81":0,"82":0,"83":0},"b":{"1":[2,1,1,1],"2":[1,1,1,1],"3":[1,1],"4":[2,2],"5":[1,1],"6":[1,1],"7":[2,0],"8":[2,1,1,1,1,1],"9":[0,2,0],"10":[1,1],"11":[2,1,1],"12":[1,0],"13":[0,2],"14":[2,0,0,0,0,0,0],"15":[0,3],"16":[3,0],"17":[1,1],"18":[0,1],"19":[1,2,0,2],"20":[1,0],"21":[1,1],"22":[0,0],"23":[0,0],"24":[0,0],"25":[0,0],"26":[0,0],"27":[0,0],"28":[0,0]},"f":{"1":2,"2":2,"3":2,"4":2,"5":2,"6":2,"7":3,"8":3,"9":3,"10":1,"11":6,"12":0},"fnMap":{"1":{"name":"(anonymous_1)","line":26,"loc":{"start":{"line":26,"column":1},"end":{"line":26,"column":13}}},"2":{"name":"(anonymous_2)","line":33,"loc":{"start":{"line":33,"column":5},"end":{"line":33,"column":17}}},"3":{"name":"(anonymous_3)","line":37,"loc":{"start":{"line":37,"column":24},"end":{"line":37,"column":36}}},"4":{"name":"(anonymous_4)","line":69,"loc":{"start":{"line":69,"column":31},"end":{"line":69,"column":48}},"skip":true},"5":{"name":"(anonymous_5)","line":78,"loc":{"start":{"line":78,"column":26},"end":{"line":78,"column":45}},"skip":true},"6":{"name":"(anonymous_6)","line":123,"loc":{"start":{"line":123,"column":33},"end":{"line":123,"column":48}},"skip":true},"7":{"name":"(anonymous_7)","line":125,"loc":{"start":{"line":125,"column":27},"end":{"line":125,"column":39}},"skip":true},"8":{"name":"(anonymous_8)","line":133,"loc":{"start":{"line":133,"column":59},"end":{"line":133,"column":74}},"skip":true},"9":{"name":"(anonymous_9)","line":143,"loc":{"start":{"line":143,"column":45},"end":{"line":143,"column":62}},"skip":true},"10":{"name":"(anonymous_10)","line":144,"loc":{"start":{"line":144,"column":73},"end":{"line":144,"column":92}},"skip":true},"11":{"name":"(anonymous_11)","line":272,"loc":{"start":{"line":272,"column":51},"end":{"line":272,"column":77}},"skip":true},"12":{"name":"(anonymous_12)","line":315,"loc":{"start":{"line":315,"column":32},"end":{"line":315,"column":61}},"skip":true}},"statementMap":{"1":{"start":{"line":26,"column":0},"end":{"line":326,"column":5}},"2":{"start":{"line":28,"column":4},"end":{"line":28,"column":14}},"3":{"start":{"line":33,"column":4},"end":{"line":60,"column":9}},"4":{"start":{"line":35,"column":8},"end":{"line":35,"column":19}},"5":{"start":{"line":37,"column":8},"end":{"line":49,"column":13}},"6":{"start":{"line":38,"column":12},"end":{"line":48,"column":13}},"7":{"start":{"line":39,"column":16},"end":{"line":42,"column":30}},"8":{"start":{"line":44,"column":16},"end":{"line":47,"column":27}},"9":{"start":{"line":51,"column":8},"end":{"line":53,"column":21}},"10":{"start":{"line":55,"column":8},"end":{"line":57,"column":45}},"11":{"start":{"line":59,"column":8},"end":{"line":59,"column":35}},"12":{"start":{"line":61,"column":4},"end":{"line":325,"column":5}},"13":{"start":{"line":69,"column":8},"end":{"line":121,"column":10},"skip":true},"14":{"start":{"line":70,"column":12},"end":{"line":88,"column":13},"skip":true},"15":{"start":{"line":76,"column":16},"end":{"line":87,"column":19},"skip":true},"16":{"start":{"line":79,"column":20},"end":{"line":86,"column":21},"skip":true},"17":{"start":{"line":82,"column":24},"end":{"line":82,"column":43},"skip":true},"18":{"start":{"line":83,"column":24},"end":{"line":83,"column":30},"skip":true},"19":{"start":{"line":85,"column":24},"end":{"line":85,"column":49},"skip":true},"20":{"start":{"line":89,"column":12},"end":{"line":107,"column":13},"skip":true},"21":{"start":{"line":92,"column":16},"end":{"line":102,"column":17},"skip":true},"22":{"start":{"line":93,"column":20},"end":{"line":93,"column":86},"skip":true},"23":{"start":{"line":94,"column":20},"end":{"line":95,"column":45},"skip":true},"24":{"start":{"line":96,"column":20},"end":{"line":96,"column":42},"skip":true},"25":{"start":{"line":97,"column":20},"end":{"line":97,"column":48},"skip":true},"26":{"start":{"line":100,"column":20},"end":{"line":100,"column":85},"skip":true},"27":{"start":{"line":101,"column":20},"end":{"line":101,"column":96},"skip":true},"28":{"start":{"line":103,"column":16},"end":{"line":103,"column":22},"skip":true},"29":{"start":{"line":106,"column":16},"end":{"line":106,"column":22},"skip":true},"30":{"start":{"line":108,"column":12},"end":{"line":120,"column":13},"skip":true},"31":{"start":{"line":114,"column":16},"end":{"line":119,"column":17},"skip":true},"32":{"start":{"line":116,"column":20},"end":{"line":116,"column":78},"skip":true},"33":{"start":{"line":118,"column":20},"end":{"line":118,"column":47},"skip":true},"34":{"start":{"line":123,"column":8},"end":{"line":141,"column":11},"skip":true},"35":{"start":{"line":124,"column":12},"end":{"line":124,"column":54},"skip":true},"36":{"start":{"line":125,"column":12},"end":{"line":140,"column":14},"skip":true},"37":{"start":{"line":126,"column":16},"end":{"line":126,"column":28},"skip":true},"38":{"start":{"line":127,"column":16},"end":{"line":127,"column":69},"skip":true},"39":{"start":{"line":128,"column":16},"end":{"line":128,"column":75},"skip":true},"40":{"start":{"line":129,"column":16},"end":{"line":131,"column":17},"skip":true},"41":{"start":{"line":130,"column":20},"end":{"line":130,"column":27},"skip":true},"42":{"start":{"line":133,"column":16},"end":{"line":137,"column":36},"skip":true},"43":{"start":{"line":134,"column":20},"end":{"line":136,"column":55},"skip":true},"44":{"start":{"line":139,"column":16},"end":{"line":139,"column":57},"skip":true},"45":{"start":{"line":143,"column":8},"end":{"line":147,"column":11},"skip":true},"46":{"start":{"line":144,"column":12},"end":{"line":146,"column":15},"skip":true},"47":{"start":{"line":145,"column":16},"end":{"line":145,"column":70},"skip":true},"48":{"start":{"line":149,"column":8},"end":{"line":149,"column":31},"skip":true},"49":{"start":{"line":150,"column":8},"end":{"line":150,"column":14},"skip":true},"50":{"start":{"line":158,"column":8},"end":{"line":158,"column":31},"skip":true},"51":{"start":{"line":160,"column":8},"end":{"line":160,"column":33},"skip":true},"52":{"start":{"line":161,"column":8},"end":{"line":161,"column":37},"skip":true},"53":{"start":{"line":162,"column":8},"end":{"line":162,"column":35},"skip":true},"54":{"start":{"line":164,"column":8},"end":{"line":164,"column":50},"skip":true},"55":{"start":{"line":166,"column":8},"end":{"line":256,"column":2},"skip":true},"56":{"start":{"line":258,"column":8},"end":{"line":286,"column":9},"skip":true},"57":{"start":{"line":259,"column":12},"end":{"line":269,"column":14},"skip":true},"58":{"start":{"line":271,"column":12},"end":{"line":285,"column":19},"skip":true},"59":{"start":{"line":274,"column":20},"end":{"line":274,"column":35},"skip":true},"60":{"start":{"line":275,"column":20},"end":{"line":284,"column":21},"skip":true},"61":{"start":{"line":277,"column":24},"end":{"line":277,"column":64},"skip":true},"62":{"start":{"line":279,"column":24},"end":{"line":279,"column":40},"skip":true},"63":{"start":{"line":281,"column":24},"end":{"line":281,"column":40},"skip":true},"64":{"start":{"line":283,"column":24},"end":{"line":283,"column":39},"skip":true},"65":{"start":{"line":288,"column":8},"end":{"line":290,"column":9},"skip":true},"66":{"start":{"line":289,"column":12},"end":{"line":289,"column":18},"skip":true},"67":{"start":{"line":291,"column":8},"end":{"line":293,"column":54},"skip":true},"68":{"start":{"line":296,"column":8},"end":{"line":301,"column":37},"skip":true},"69":{"start":{"line":303,"column":8},"end":{"line":303,"column":82},"skip":true},"70":{"start":{"line":306,"column":8},"end":{"line":308,"column":9},"skip":true},"71":{"start":{"line":307,"column":12},"end":{"line":307,"column":82},"skip":true},"72":{"start":{"line":310,"column":8},"end":{"line":312,"column":9},"skip":true},"73":{"start":{"line":311,"column":12},"end":{"line":311,"column":18},"skip":true},"74":{"start":{"line":313,"column":8},"end":{"line":313,"column":54},"skip":true},"75":{"start":{"line":314,"column":8},"end":{"line":314,"column":69},"skip":true},"76":{"start":{"line":315,"column":8},"end":{"line":323,"column":36},"skip":true},"77":{"start":{"line":316,"column":12},"end":{"line":316,"column":61},"skip":true},"78":{"start":{"line":317,"column":12},"end":{"line":320,"column":13},"skip":true},"79":{"start":{"line":318,"column":16},"end":{"line":318,"column":75},"skip":true},"80":{"start":{"line":319,"column":16},"end":{"line":319,"column":23},"skip":true},"81":{"start":{"line":321,"column":12},"end":{"line":321,"column":38},"skip":true},"82":{"start":{"line":322,"column":12},"end":{"line":322,"column":27},"skip":true},"83":{"start":{"line":324,"column":8},"end":{"line":324,"column":14},"skip":true}},"branchMap":{"1":{"line":39,"type":"binary-expr","locations":[{"start":{"line":39,"column":23},"end":{"line":39,"column":62}},{"start":{"line":40,"column":20},"end":{"line":40,"column":70}},{"start":{"line":41,"column":20},"end":{"line":41,"column":71}},{"start":{"line":42,"column":20},"end":{"line":42,"column":29}}]},"2":{"line":44,"type":"binary-expr","locations":[{"start":{"line":44,"column":23},"end":{"line":44,"column":37}},{"start":{"line":45,"column":20},"end":{"line":45,"column":61}},{"start":{"line":46,"column":20},"end":{"line":46,"column":70}},{"start":{"line":47,"column":20},"end":{"line":47,"column":26}}]},"3":{"line":51,"type":"cond-expr","locations":[{"start":{"line":52,"column":14},"end":{"line":52,"column":20}},{"start":{"line":53,"column":14},"end":{"line":53,"column":20}}]},"4":{"line":55,"type":"binary-expr","locations":[{"start":{"line":55,"column":16},"end":{"line":55,"column":44}},{"start":{"line":55,"column":49},"end":{"line":57,"column":43}}]},"5":{"line":55,"type":"cond-expr","locations":[{"start":{"line":56,"column":14},"end":{"line":56,"column":47}},{"start":{"line":57,"column":14},"end":{"line":57,"column":43}}]},"6":{"line":61,"type":"switch","locations":[{"start":{"line":68,"column":4},"end":{"line":150,"column":14},"skip":true},{"start":{"line":156,"column":4},"end":{"line":324,"column":14},"skip":true}]},"7":{"line":70,"type":"if","locations":[{"start":{"line":70,"column":12},"end":{"line":70,"column":12},"skip":true},{"start":{"line":70,"column":12},"end":{"line":70,"column":12},"skip":true}]},"8":{"line":70,"type":"binary-expr","locations":[{"start":{"line":70,"column":16},"end":{"line":70,"column":22},"skip":true},{"start":{"line":70,"column":27},"end":{"line":70,"column":32},"skip":true},{"start":{"line":71,"column":20},"end":{"line":71,"column":39},"skip":true},{"start":{"line":72,"column":20},"end":{"line":72,"column":49},"skip":true},{"start":{"line":73,"column":20},"end":{"line":73,"column":58},"skip":true},{"start":{"line":74,"column":20},"end":{"line":74,"column":69},"skip":true}]},"9":{"line":79,"type":"switch","locations":[{"start":{"line":80,"column":20},"end":{"line":80,"column":33},"skip":true},{"start":{"line":81,"column":20},"end":{"line":83,"column":30},"skip":true},{"start":{"line":84,"column":20},"end":{"line":85,"column":49},"skip":true}]},"10":{"line":89,"type":"switch","locations":[{"start":{"line":90,"column":12},"end":{"line":103,"column":22},"skip":true},{"start":{"line":105,"column":12},"end":{"line":106,"column":22},"skip":true}]},"11":{"line":89,"type":"binary-expr","locations":[{"start":{"line":89,"column":20},"end":{"line":89,"column":25},"skip":true},{"start":{"line":89,"column":29},"end":{"line":89,"column":48},"skip":true},{"start":{"line":89,"column":52},"end":{"line":89,"column":74},"skip":true}]},"12":{"line":92,"type":"if","locations":[{"start":{"line":92,"column":16},"end":{"line":92,"column":16},"skip":true},{"start":{"line":92,"column":16},"end":{"line":92,"column":16},"skip":true}]},"13":{"line":108,"type":"if","locations":[{"start":{"line":108,"column":12},"end":{"line":108,"column":12},"skip":true},{"start":{"line":108,"column":12},"end":{"line":108,"column":12},"skip":true}]},"14":{"line":108,"type":"binary-expr","locations":[{"start":{"line":108,"column":16},"end":{"line":108,"column":61},"skip":true},{"start":{"line":108,"column":66},"end":{"line":108,"column":72},"skip":true},{"start":{"line":108,"column":77},"end":{"line":108,"column":82},"skip":true},{"start":{"line":109,"column":20},"end":{"line":109,"column":39},"skip":true},{"start":{"line":110,"column":20},"end":{"line":110,"column":49},"skip":true},{"start":{"line":111,"column":20},"end":{"line":111,"column":58},"skip":true},{"start":{"line":112,"column":20},"end":{"line":112,"column":68},"skip":true}]},"15":{"line":129,"type":"if","locations":[{"start":{"line":129,"column":16},"end":{"line":129,"column":16},"skip":true},{"start":{"line":129,"column":16},"end":{"line":129,"column":16},"skip":true}]},"16":{"line":134,"type":"cond-expr","locations":[{"start":{"line":135,"column":26},"end":{"line":135,"column":29},"skip":true},{"start":{"line":136,"column":26},"end":{"line":136,"column":54},"skip":true}]},"17":{"line":164,"type":"binary-expr","locations":[{"start":{"line":164,"column":27},"end":{"line":164,"column":43},"skip":true},{"start":{"line":164,"column":47},"end":{"line":164,"column":49},"skip":true}]},"18":{"line":258,"type":"if","locations":[{"start":{"line":258,"column":8},"end":{"line":258,"column":8},"skip":true},{"start":{"line":258,"column":8},"end":{"line":258,"column":8},"skip":true}]},"19":{"line":275,"type":"switch","locations":[{"start":{"line":276,"column":20},"end":{"line":277,"column":64},"skip":true},{"start":{"line":278,"column":20},"end":{"line":279,"column":40},"skip":true},{"start":{"line":280,"column":20},"end":{"line":281,"column":40},"skip":true},{"start":{"line":282,"column":20},"end":{"line":283,"column":39},"skip":true}]},"20":{"line":288,"type":"if","locations":[{"start":{"line":288,"column":8},"end":{"line":288,"column":8},"skip":true},{"start":{"line":288,"column":8},"end":{"line":288,"column":8},"skip":true}]},"21":{"line":288,"type":"binary-expr","locations":[{"start":{"line":288,"column":12},"end":{"line":288,"column":40},"skip":true},{"start":{"line":288,"column":44},"end":{"line":288,"column":67},"skip":true}]},"22":{"line":292,"type":"binary-expr","locations":[{"start":{"line":292,"column":12},"end":{"line":292,"column":50},"skip":true},{"start":{"line":293,"column":12},"end":{"line":293,"column":53},"skip":true}]},"23":{"line":297,"type":"binary-expr","locations":[{"start":{"line":297,"column":12},"end":{"line":297,"column":61},"skip":true},{"start":{"line":298,"column":12},"end":{"line":301,"column":36},"skip":true}]},"24":{"line":303,"type":"binary-expr","locations":[{"start":{"line":303,"column":43},"end":{"line":303,"column":75},"skip":true},{"start":{"line":303,"column":79},"end":{"line":303,"column":81},"skip":true}]},"25":{"line":306,"type":"if","locations":[{"start":{"line":306,"column":8},"end":{"line":306,"column":8},"skip":true},{"start":{"line":306,"column":8},"end":{"line":306,"column":8},"skip":true}]},"26":{"line":310,"type":"if","locations":[{"start":{"line":310,"column":8},"end":{"line":310,"column":8},"skip":true},{"start":{"line":310,"column":8},"end":{"line":310,"column":8},"skip":true}]},"27":{"line":313,"type":"binary-expr","locations":[{"start":{"line":313,"column":27},"end":{"line":313,"column":43},"skip":true},{"start":{"line":313,"column":47},"end":{"line":313,"column":53},"skip":true}]},"28":{"line":317,"type":"if","locations":[{"start":{"line":317,"column":12},"end":{"line":317,"column":12},"skip":true},{"start":{"line":317,"column":12},"end":{"line":317,"column":12},"skip":true}]}},"code":["/*","example.js","","quickstart example","","instruction","    1. save this script as example.js","    2. run the shell command:","        $ npm install npmtest-p2p && PORT=8081 node example.js","    3. play with the browser-demo on http://127.0.0.1:8081","*/","","","","/* istanbul instrument in package npmtest_p2p */","/*jslint","    bitwise: true,","    browser: true,","    maxerr: 8,","    maxlen: 96,","    node: true,","    nomen: true,","    regexp: true,","    stupid: true","*/","(function () {","    'use strict';","    var local;","","","","    // run shared js-env code - pre-init","    (function () {","        // init local","        local = {};","        // init modeJs","        local.modeJs = (function () {","            try {","                return typeof navigator.userAgent === 'string' &&","                    typeof document.querySelector('body') === 'object' &&","                    typeof XMLHttpRequest.prototype.open === 'function' &&","                    'browser';","            } catch (errorCaughtBrowser) {","                return module.exports &&","                    typeof process.versions.node === 'string' &&","                    typeof require('http').createServer === 'function' &&","                    'node';","            }","        }());","        // init global","        local.global = local.modeJs === 'browser'","            ? window","            : global;","        // init utility2_rollup","        local = local.global.utility2_rollup || (local.modeJs === 'browser'","            ? local.global.utility2_npmtest_p2p","            : global.utility2_moduleExports);","        // export local","        local.global.local = local;","    }());","    switch (local.modeJs) {","","","","    // post-init","    // run browser js-env code - post-init","    /* istanbul ignore next */","    case 'browser':","        local.testRunBrowser = function (event) {","            if (!event || (event &&","                    event.currentTarget &&","                    event.currentTarget.className &&","                    event.currentTarget.className.includes &&","                    event.currentTarget.className.includes('onreset'))) {","                // reset output","                Array.from(","                    document.querySelectorAll('body > .resettable')","                ).forEach(function (element) {","                    switch (element.tagName) {","                    case 'INPUT':","                    case 'TEXTAREA':","                        element.value = '';","                        break;","                    default:","                        element.textContent = '';","                    }","                });","            }","            switch (event && event.currentTarget && event.currentTarget.id) {","            case 'testRunButton1':","                // show tests","                if (document.querySelector('#testReportDiv1').style.display === 'none') {","                    document.querySelector('#testReportDiv1').style.display = 'block';","                    document.querySelector('#testRunButton1').textContent =","                        'hide internal test';","                    local.modeTest = true;","                    local.testRunDefault(local);","                // hide tests","                } else {","                    document.querySelector('#testReportDiv1').style.display = 'none';","                    document.querySelector('#testRunButton1').textContent = 'run internal test';","                }","                break;","            // custom-case","            default:","                break;","            }","            if (document.querySelector('#inputTextareaEval1') && (!event || (event &&","                    event.currentTarget &&","                    event.currentTarget.className &&","                    event.currentTarget.className.includes &&","                    event.currentTarget.className.includes('oneval')))) {","                // try to eval input-code","                try {","                    /*jslint evil: true*/","                    eval(document.querySelector('#inputTextareaEval1').value);","                } catch (errorCaught) {","                    console.error(errorCaught);","                }","            }","        };","        // log stderr and stdout to #outputTextareaStdout1","        ['error', 'log'].forEach(function (key) {","            console[key + '_original'] = console[key];","            console[key] = function () {","                var element;","                console[key + '_original'].apply(console, arguments);","                element = document.querySelector('#outputTextareaStdout1');","                if (!element) {","                    return;","                }","                // append text to #outputTextareaStdout1","                element.value += Array.from(arguments).map(function (arg) {","                    return typeof arg === 'string'","                        ? arg","                        : JSON.stringify(arg, null, 4);","                }).join(' ') + '\\n';","                // scroll textarea to bottom","                element.scrollTop = element.scrollHeight;","            };","        });","        // init event-handling","        ['change', 'click', 'keyup'].forEach(function (event) {","            Array.from(document.querySelectorAll('.on' + event)).forEach(function (element) {","                element.addEventListener(event, local.testRunBrowser);","            });","        });","        // run tests","        local.testRunBrowser();","        break;","","","","    // run node js-env code - post-init","    /* istanbul ignore next */","    case 'node':","        // export local","        module.exports = local;","        // require modules","        local.fs = require('fs');","        local.http = require('http');","        local.url = require('url');","        // init assets","        local.assetsDict = local.assetsDict || {};","        /* jslint-ignore-begin */","        local.assetsDict['/assets.index.template.html'] = '\\","<!doctype html>\\n\\","<html lang=\"en\">\\n\\","<head>\\n\\","<meta charset=\"UTF-8\">\\n\\","<meta name=\"viewport\" content=\"width=device-width, initial-scale=1\">\\n\\","<title>{{env.npm_package_name}} (v{{env.npm_package_version}})</title>\\n\\","<style>\\n\\","/*csslint\\n\\","    box-sizing: false,\\n\\","    universal-selector: false\\n\\","*/\\n\\","* {\\n\\","    box-sizing: border-box;\\n\\","}\\n\\","body {\\n\\","    background: #dde;\\n\\","    font-family: Arial, Helvetica, sans-serif;\\n\\","    margin: 2rem;\\n\\","}\\n\\","body > * {\\n\\","    margin-bottom: 1rem;\\n\\","}\\n\\",".utility2FooterDiv {\\n\\","    margin-top: 20px;\\n\\","    text-align: center;\\n\\","}\\n\\","</style>\\n\\","<style>\\n\\","/*csslint\\n\\","*/\\n\\","textarea {\\n\\","    font-family: monospace;\\n\\","    height: 10rem;\\n\\","    width: 100%;\\n\\","}\\n\\","textarea[readonly] {\\n\\","    background: #ddd;\\n\\","}\\n\\","</style>\\n\\","</head>\\n\\","<body>\\n\\","<!-- utility2-comment\\n\\","<div id=\"ajaxProgressDiv1\" style=\"background: #d00; height: 2px; left: 0; margin: 0; padding: 0; position: fixed; top: 0; transition: background 0.5s, width 1.5s; width: 25%;\"></div>\\n\\","utility2-comment -->\\n\\","<h1>\\n\\","<!-- utility2-comment\\n\\","    <a\\n\\","        {{#if env.npm_package_homepage}}\\n\\","        href=\"{{env.npm_package_homepage}}\"\\n\\","        {{/if env.npm_package_homepage}}\\n\\","        target=\"_blank\"\\n\\","    >\\n\\","utility2-comment -->\\n\\","        {{env.npm_package_name}} (v{{env.npm_package_version}})\\n\\","<!-- utility2-comment\\n\\","    </a>\\n\\","utility2-comment -->\\n\\","</h1>\\n\\","<h3>{{env.npm_package_description}}</h3>\\n\\","<!-- utility2-comment\\n\\","<h4><a download href=\"assets.app.js\">download standalone app</a></h4>\\n\\","<button class=\"onclick onreset\" id=\"testRunButton1\">run internal test</button><br>\\n\\","<div id=\"testReportDiv1\" style=\"display: none;\"></div>\\n\\","utility2-comment -->\\n\\","\\n\\","\\n\\","\\n\\","<label>stderr and stdout</label>\\n\\","<textarea class=\"resettable\" id=\"outputTextareaStdout1\" readonly></textarea>\\n\\","<!-- utility2-comment\\n\\","{{#if isRollup}}\\n\\","<script src=\"assets.app.js\"></script>\\n\\","{{#unless isRollup}}\\n\\","utility2-comment -->\\n\\","<script src=\"assets.utility2.rollup.js\"></script>\\n\\","<script src=\"jsonp.utility2._stateInit?callback=window.utility2._stateInit\"></script>\\n\\","<script src=\"assets.npmtest_p2p.rollup.js\"></script>\\n\\","<script src=\"assets.example.js\"></script>\\n\\","<script src=\"assets.test.js\"></script>\\n\\","<!-- utility2-comment\\n\\","{{/if isRollup}}\\n\\","utility2-comment -->\\n\\","<div class=\"utility2FooterDiv\">\\n\\","    [ this app was created with\\n\\","    <a href=\"https://github.com/kaizhu256/node-utility2\" target=\"_blank\">utility2</a>\\n\\","    ]\\n\\","</div>\\n\\","</body>\\n\\","</html>\\n\\","';","        /* jslint-ignore-end */","        if (local.templateRender) {","            local.assetsDict['/'] = local.templateRender(","                local.assetsDict['/assets.index.template.html'],","                {","                    env: local.objectSetDefault(local.env, {","                        npm_package_description: 'the greatest app in the world!',","                        npm_package_name: 'my-app',","                        npm_package_nameAlias: 'my_app',","                        npm_package_version: '0.0.1'","                    })","                }","            );","        } else {","            local.assetsDict['/'] = local.assetsDict['/assets.index.template.html']","                .replace((/\\{\\{env\\.(\\w+?)\\}\\}/g), function (match0, match1) {","                    // jslint-hack","                    String(match0);","                    switch (match1) {","                    case 'npm_package_description':","                        return 'the greatest app in the world!';","                    case 'npm_package_name':","                        return 'my-app';","                    case 'npm_package_nameAlias':","                        return 'my_app';","                    case 'npm_package_version':","                        return '0.0.1';","                    }","                });","        }","        // run the cli","        if (local.global.utility2_rollup || module !== require.main) {","            break;","        }","        local.assetsDict['/assets.example.js'] =","            local.assetsDict['/assets.example.js'] ||","            local.fs.readFileSync(__filename, 'utf8');","        // bug-workaround - long $npm_package_buildCustomOrg","        /* jslint-ignore-begin */","        local.assetsDict['/assets.npmtest_p2p.rollup.js'] =","            local.assetsDict['/assets.npmtest_p2p.rollup.js'] ||","            local.fs.readFileSync(","                local.npmtest_p2p.__dirname + '/lib.npmtest_p2p.js',","                'utf8'","            ).replace((/^#!/), '//');","        /* jslint-ignore-end */","        local.assetsDict['/favicon.ico'] = local.assetsDict['/favicon.ico'] || '';","        // if $npm_config_timeout_exit exists,","        // then exit this process after $npm_config_timeout_exit ms","        if (Number(process.env.npm_config_timeout_exit)) {","            setTimeout(process.exit, Number(process.env.npm_config_timeout_exit));","        }","        // start server","        if (local.global.utility2_serverHttp1) {","            break;","        }","        process.env.PORT = process.env.PORT || '8081';","        console.error('server starting on port ' + process.env.PORT);","        local.http.createServer(function (request, response) {","            request.urlParsed = local.url.parse(request.url);","            if (local.assetsDict[request.urlParsed.pathname] !== undefined) {","                response.end(local.assetsDict[request.urlParsed.pathname]);","                return;","            }","            response.statusCode = 404;","            response.end();","        }).listen(process.env.PORT);","        break;","    }","}());",""],"l":{"26":2,"28":2,"33":2,"35":2,"37":2,"38":2,"39":2,"44":1,"51":2,"55":2,"59":2,"61":2,"69":1,"70":2,"76":2,"79":2,"82":2,"83":2,"85":1,"89":2,"92":1,"93":1,"94":1,"96":1,"97":1,"100":1,"101":1,"103":1,"106":1,"108":2,"114":1,"116":1,"118":1,"123":1,"124":2,"125":2,"126":3,"127":3,"128":3,"129":3,"130":1,"133":3,"134":3,"139":3,"143":1,"144":3,"145":1,"149":1,"150":1,"158":1,"160":1,"161":1,"162":1,"164":1,"166":1,"258":1,"259":1,"271":1,"274":6,"275":6,"277":1,"279":2,"281":1,"283":2,"288":1,"289":1,"291":1,"296":1,"303":1,"306":1,"307":1,"310":1,"311":1,"313":1,"314":1,"315":1,"316":1,"317":1,"318":1,"319":1,"321":1,"322":1,"324":1}},"/home/travis/build/npmtest/node-npmtest-p2p/node_modules/p2p/lib/p2p.js":{"path":"/home/travis/build/npmtest/node-npmtest-p2p/node_modules/p2p/lib/p2p.js","s":{"1":1,"2":1,"3":1,"4":1,"5":1,"6":1,"7":5,"8":0,"9":5,"10":0,"11":5,"12":0,"13":5,"14":5,"15":5,"16":3,"17":3,"18":3,"19":3,"20":0,"21":0,"22":3,"23":12,"24":0,"25":3,"26":0,"27":3,"28":1},"b":{"1":[0,5],"2":[0,5],"3":[5,0],"4":[0,5],"5":[5,5],"6":[5,5],"7":[5,0],"8":[3,0],"9":[3,0]},"f":{"1":5},"fnMap":{"1":{"name":"(anonymous_1)","line":17,"loc":{"start":{"line":17,"column":11},"end":{"line":17,"column":30}}}},"statementMap":{"1":{"start":{"line":3,"column":0},"end":{"line":4,"column":29}},"2":{"start":{"line":6,"column":0},"end":{"line":9,"column":30}},"3":{"start":{"line":11,"column":0},"end":{"line":11,"column":31}},"4":{"start":{"line":13,"column":0},"end":{"line":13,"column":40}},"5":{"start":{"line":15,"column":0},"end":{"line":15,"column":15}},"6":{"start":{"line":17,"column":0},"end":{"line":67,"column":2}},"7":{"start":{"line":18,"column":2},"end":{"line":20,"column":3}},"8":{"start":{"line":19,"column":4},"end":{"line":19,"column":44}},"9":{"start":{"line":21,"column":2},"end":{"line":23,"column":3}},"10":{"start":{"line":22,"column":4},"end":{"line":22,"column":47}},"11":{"start":{"line":24,"column":2},"end":{"line":26,"column":3}},"12":{"start":{"line":25,"column":4},"end":{"line":25,"column":47}},"13":{"start":{"line":28,"column":2},"end":{"line":28,"column":65}},"14":{"start":{"line":30,"column":2},"end":{"line":30,"column":49}},"15":{"start":{"line":32,"column":2},"end":{"line":32,"column":33}},"16":{"start":{"line":34,"column":2},"end":{"line":35,"column":43}},"17":{"start":{"line":37,"column":2},"end":{"line":54,"column":3}},"18":{"start":{"line":38,"column":4},"end":{"line":46,"column":7}},"19":{"start":{"line":42,"column":6},"end":{"line":45,"column":9}},"20":{"start":{"line":48,"column":4},"end":{"line":53,"column":7}},"21":{"start":{"line":49,"column":6},"end":{"line":52,"column":9}},"22":{"start":{"line":56,"column":2},"end":{"line":60,"column":5}},"23":{"start":{"line":57,"column":4},"end":{"line":59,"column":7}},"24":{"start":{"line":58,"column":6},"end":{"line":58,"column":47}},"25":{"start":{"line":62,"column":2},"end":{"line":64,"column":5}},"26":{"start":{"line":63,"column":4},"end":{"line":63,"column":86}},"27":{"start":{"line":66,"column":2},"end":{"line":66,"column":14}},"28":{"start":{"line":69,"column":0},"end":{"line":69,"column":21}}},"branchMap":{"1":{"line":18,"type":"if","locations":[{"start":{"line":18,"column":2},"end":{"line":18,"column":2}},{"start":{"line":18,"column":2},"end":{"line":18,"column":2}}]},"2":{"line":21,"type":"if","locations":[{"start":{"line":21,"column":2},"end":{"line":21,"column":2}},{"start":{"line":21,"column":2},"end":{"line":21,"column":2}}]},"3":{"line":21,"type":"binary-expr","locations":[{"start":{"line":21,"column":6},"end":{"line":21,"column":25}},{"start":{"line":21,"column":29},"end":{"line":21,"column":48}}]},"4":{"line":24,"type":"if","locations":[{"start":{"line":24,"column":2},"end":{"line":24,"column":2}},{"start":{"line":24,"column":2},"end":{"line":24,"column":2}}]},"5":{"line":24,"type":"binary-expr","locations":[{"start":{"line":24,"column":6},"end":{"line":24,"column":24}},{"start":{"line":24,"column":28},"end":{"line":24,"column":48}}]},"6":{"line":28,"type":"binary-expr","locations":[{"start":{"line":28,"column":19},"end":{"line":28,"column":39}},{"start":{"line":28,"column":43},"end":{"line":28,"column":64}}]},"7":{"line":30,"type":"cond-expr","locations":[{"start":{"line":30,"column":32},"end":{"line":30,"column":39}},{"start":{"line":30,"column":42},"end":{"line":30,"column":48}}]},"8":{"line":34,"type":"binary-expr","locations":[{"start":{"line":34,"column":32},"end":{"line":34,"column":55}},{"start":{"line":34,"column":59},"end":{"line":34,"column":64}}]},"9":{"line":37,"type":"if","locations":[{"start":{"line":37,"column":2},"end":{"line":37,"column":2}},{"start":{"line":37,"column":2},"end":{"line":37,"column":2}}]}},"code":["'use strict';","","const http = require('http'),","    https = require('https');","","const _ = require('lodash'),","    flaschenpost = require('flaschenpost'),","    parse = require('parse-duration'),","    Timer = require('timer2');","","const Peer = require('./Peer');","","const logger = flaschenpost.getLogger();","","const p2p = {};","","p2p.peer = function (options) {","  if (!options) {","    throw new Error('Options are missing.');","  }","  if (!options.privateKey && options.certificate) {","    throw new Error('Private key is missing.');","  }","  if (options.privateKey && !options.certificate) {","    throw new Error('Certificate is missing.');","  }","","  const useHttps = !!options.privateKey && !!options.certificate;","","  options.protocol = useHttps ? 'https' : 'http';","","  const peer = new Peer(options);","","  const serviceInterval = parse(options.serviceInterval || '30s'),","      wobbleFactor = serviceInterval * 0.5;","","  if (useHttps) {","    https.createServer({","      key: options.privateKey,","      cert: options.certificate","    }, peer.app).listen(peer.self.port, () => {","      logger.info('Server started.', {","        endpoint: peer.self,","        status: peer.status()","      });","    });","  } else {","    http.createServer(peer.app).listen(peer.self.port, () => {","      logger.info('Server started.', {","        endpoint: peer.self,","        status: peer.status()","      });","    });","  }","","  [ 'stabilize', 'fix-successors', 'fix-fingers', 'fix-predecessor' ].forEach(fn => {","    new Timer(serviceInterval, { variation: wobbleFactor }).on('tick', () => {","      peer.remote(peer.self).run(fn, () => {});","    });","  });","","  new Timer(serviceInterval, { variation: wobbleFactor }).on('tick', () => {","    peer.remote(peer.self).run('join', _.sample(peer.wellKnownPeers.get()), () => {});","  });","","  return peer;","};","","module.exports = p2p;",""],"l":{"3":1,"6":1,"11":1,"13":1,"15":1,"17":1,"18":5,"19":0,"21":5,"22":0,"24":5,"25":0,"28":5,"30":5,"32":5,"34":3,"37":3,"38":3,"42":3,"48":0,"49":0,"56":3,"57":12,"58":0,"62":3,"63":0,"66":3,"69":1}},"/home/travis/build/npmtest/node-npmtest-p2p/node_modules/p2p/lib/Peer.js":{"path":"/home/travis/build/npmtest/node-npmtest-p2p/node_modules/p2p/lib/Peer.js","s":{"1":1,"2":1,"3":1,"4":1,"5":1,"6":1,"7":1,"8":5,"9":0,"10":5,"11":5,"12":5,"13":3,"14":3,"15":3,"16":3,"17":3,"18":3,"19":3,"20":3,"21":3,"22":3,"23":3,"24":3,"25":3,"26":3,"27":3,"28":3,"29":3,"30":3,"31":3,"32":3,"33":3,"34":3,"35":3,"36":3,"37":3,"38":3,"39":3,"40":1,"41":1,"42":0,"43":0,"44":0,"45":0,"46":0,"47":0,"48":0,"49":0,"50":0,"51":0,"52":0,"53":0,"54":0,"55":0,"56":0,"57":0,"58":0,"59":0,"60":0,"61":0,"62":0,"63":0,"64":0,"65":0,"66":1,"67":0,"68":0,"69":0,"70":0,"71":0,"72":0,"73":0,"74":0,"75":1,"76":0,"77":0,"78":0,"79":0,"80":0,"81":0,"82":0,"83":0,"84":1,"85":3,"86":0,"87":3,"88":3,"89":0,"90":0,"91":0,"92":1,"93":0,"94":0,"95":0,"96":0,"97":1,"98":0,"99":0,"100":0,"101":0,"102":0,"103":0,"104":0,"105":0,"106":0,"107":0,"108":0,"109":1,"110":0,"111":0,"112":0,"113":0,"114":0,"115":0,"116":1},"b":{"1":[0,5],"2":[5,0],"3":[3,0],"4":[3,0],"5":[0,0],"6":[0,0],"7":[0,0],"8":[0,0],"9":[0,0],"10":[0,0],"11":[0,0],"12":[0,0],"13":[0,0],"14":[0,0],"15":[0,0],"16":[0,0],"17":[0,0],"18":[0,3],"19":[3,0],"20":[3,3],"21":[0,0],"22":[0,0],"23":[0,0],"24":[0,0],"25":[0,0],"26":[0,0],"27":[0,0],"28":[0,0],"29":[0,0]},"f":{"1":5,"2":0,"3":0,"4":0,"5":3,"6":0,"7":0,"8":0},"fnMap":{"1":{"name":"(anonymous_1)","line":26,"loc":{"start":{"line":26,"column":13},"end":{"line":26,"column":32}}},"2":{"name":"(anonymous_2)","line":80,"loc":{"start":{"line":80,"column":24},"end":{"line":80,"column":42}}},"3":{"name":"(anonymous_3)","line":140,"loc":{"start":{"line":140,"column":30},"end":{"line":140,"column":51}}},"4":{"name":"(anonymous_4)","line":163,"loc":{"start":{"line":163,"column":32},"end":{"line":163,"column":55}}},"5":{"name":"(anonymous_5)","line":186,"loc":{"start":{"line":186,"column":24},"end":{"line":186,"column":36}}},"6":{"name":"(anonymous_6)","line":202,"loc":{"start":{"line":202,"column":30},"end":{"line":202,"column":42}}},"7":{"name":"(anonymous_7)","line":218,"loc":{"start":{"line":218,"column":32},"end":{"line":218,"column":59}}},"8":{"name":"(anonymous_8)","line":243,"loc":{"start":{"line":243,"column":34},"end":{"line":243,"column":51}}}},"statementMap":{"1":{"start":{"line":3,"column":0},"end":{"line":5,"column":27}},"2":{"start":{"line":7,"column":0},"end":{"line":13,"column":27}},"3":{"start":{"line":15,"column":0},"end":{"line":18,"column":49}},"4":{"start":{"line":20,"column":0},"end":{"line":20,"column":50}},"5":{"start":{"line":22,"column":0},"end":{"line":22,"column":58}},"6":{"start":{"line":24,"column":0},"end":{"line":24,"column":40}},"7":{"start":{"line":26,"column":0},"end":{"line":76,"column":2}},"8":{"start":{"line":27,"column":2},"end":{"line":29,"column":3}},"9":{"start":{"line":28,"column":4},"end":{"line":28,"column":44}},"10":{"start":{"line":31,"column":2},"end":{"line":34,"column":5}},"11":{"start":{"line":36,"column":2},"end":{"line":36,"column":46}},"12":{"start":{"line":37,"column":2},"end":{"line":37,"column":36}},"13":{"start":{"line":38,"column":2},"end":{"line":38,"column":41}},"14":{"start":{"line":40,"column":2},"end":{"line":40,"column":41}},"15":{"start":{"line":41,"column":2},"end":{"line":41,"column":43}},"16":{"start":{"line":42,"column":2},"end":{"line":42,"column":23}},"17":{"start":{"line":43,"column":2},"end":{"line":43,"column":20}},"18":{"start":{"line":45,"column":2},"end":{"line":45,"column":45}},"19":{"start":{"line":46,"column":2},"end":{"line":46,"column":37}},"20":{"start":{"line":47,"column":2},"end":{"line":47,"column":56}},"21":{"start":{"line":49,"column":2},"end":{"line":49,"column":19}},"22":{"start":{"line":51,"column":2},"end":{"line":51,"column":23}},"23":{"start":{"line":53,"column":2},"end":{"line":53,"column":34}},"24":{"start":{"line":55,"column":2},"end":{"line":55,"column":44}},"25":{"start":{"line":56,"column":2},"end":{"line":56,"column":48}},"26":{"start":{"line":57,"column":2},"end":{"line":57,"column":52}},"27":{"start":{"line":59,"column":2},"end":{"line":59,"column":54}},"28":{"start":{"line":60,"column":2},"end":{"line":60,"column":56}},"29":{"start":{"line":61,"column":2},"end":{"line":61,"column":58}},"30":{"start":{"line":63,"column":2},"end":{"line":63,"column":82}},"31":{"start":{"line":64,"column":2},"end":{"line":64,"column":67}},"32":{"start":{"line":65,"column":2},"end":{"line":65,"column":63}},"33":{"start":{"line":67,"column":2},"end":{"line":67,"column":44}},"34":{"start":{"line":69,"column":2},"end":{"line":69,"column":48}},"35":{"start":{"line":70,"column":2},"end":{"line":70,"column":54}},"36":{"start":{"line":71,"column":2},"end":{"line":71,"column":57}},"37":{"start":{"line":72,"column":2},"end":{"line":72,"column":63}},"38":{"start":{"line":73,"column":2},"end":{"line":73,"column":65}},"39":{"start":{"line":75,"column":2},"end":{"line":75,"column":56}},"40":{"start":{"line":78,"column":0},"end":{"line":78,"column":35}},"41":{"start":{"line":80,"column":0},"end":{"line":138,"column":2}},"42":{"start":{"line":81,"column":2},"end":{"line":83,"column":3}},"43":{"start":{"line":82,"column":4},"end":{"line":82,"column":42}},"44":{"start":{"line":84,"column":2},"end":{"line":86,"column":3}},"45":{"start":{"line":85,"column":4},"end":{"line":85,"column":40}},"46":{"start":{"line":87,"column":2},"end":{"line":89,"column":3}},"47":{"start":{"line":88,"column":4},"end":{"line":88,"column":40}},"48":{"start":{"line":91,"column":2},"end":{"line":137,"column":4}},"49":{"start":{"line":93,"column":6},"end":{"line":95,"column":7}},"50":{"start":{"line":94,"column":8},"end":{"line":94,"column":48}},"51":{"start":{"line":96,"column":6},"end":{"line":98,"column":7}},"52":{"start":{"line":97,"column":8},"end":{"line":97,"column":48}},"53":{"start":{"line":99,"column":6},"end":{"line":102,"column":7}},"54":{"start":{"line":100,"column":8},"end":{"line":100,"column":24}},"55":{"start":{"line":101,"column":8},"end":{"line":101,"column":18}},"56":{"start":{"line":104,"column":6},"end":{"line":109,"column":9}},"57":{"start":{"line":111,"column":6},"end":{"line":135,"column":9}},"58":{"start":{"line":116,"column":8},"end":{"line":118,"column":9}},"59":{"start":{"line":117,"column":10},"end":{"line":117,"column":31}},"60":{"start":{"line":120,"column":8},"end":{"line":120,"column":21}},"61":{"start":{"line":122,"column":8},"end":{"line":132,"column":9}},"62":{"start":{"line":123,"column":10},"end":{"line":128,"column":12}},"63":{"start":{"line":130,"column":10},"end":{"line":130,"column":73}},"64":{"start":{"line":131,"column":10},"end":{"line":131,"column":137}},"65":{"start":{"line":134,"column":8},"end":{"line":134,"column":29}},"66":{"start":{"line":140,"column":0},"end":{"line":161,"column":2}},"67":{"start":{"line":141,"column":2},"end":{"line":143,"column":3}},"68":{"start":{"line":142,"column":4},"end":{"line":142,"column":45}},"69":{"start":{"line":145,"column":2},"end":{"line":145,"column":35}},"70":{"start":{"line":147,"column":2},"end":{"line":150,"column":5}},"71":{"start":{"line":151,"column":2},"end":{"line":151,"column":54}},"72":{"start":{"line":153,"column":2},"end":{"line":153,"column":33}},"73":{"start":{"line":155,"column":2},"end":{"line":160,"column":3}},"74":{"start":{"line":156,"column":4},"end":{"line":159,"column":7}},"75":{"start":{"line":163,"column":0},"end":{"line":184,"column":2}},"76":{"start":{"line":164,"column":2},"end":{"line":164,"column":35}},"77":{"start":{"line":166,"column":2},"end":{"line":173,"column":3}},"78":{"start":{"line":167,"column":4},"end":{"line":170,"column":7}},"79":{"start":{"line":172,"column":4},"end":{"line":172,"column":33}},"80":{"start":{"line":174,"column":2},"end":{"line":174,"column":58}},"81":{"start":{"line":176,"column":2},"end":{"line":176,"column":33}},"82":{"start":{"line":178,"column":2},"end":{"line":183,"column":3}},"83":{"start":{"line":179,"column":4},"end":{"line":182,"column":7}},"84":{"start":{"line":186,"column":0},"end":{"line":200,"column":2}},"85":{"start":{"line":187,"column":2},"end":{"line":189,"column":3}},"86":{"start":{"line":188,"column":4},"end":{"line":188,"column":24}},"87":{"start":{"line":191,"column":2},"end":{"line":193,"column":3}},"88":{"start":{"line":192,"column":4},"end":{"line":192,"column":20}},"89":{"start":{"line":195,"column":2},"end":{"line":197,"column":3}},"90":{"start":{"line":196,"column":4},"end":{"line":196,"column":20}},"91":{"start":{"line":199,"column":2},"end":{"line":199,"column":22}},"92":{"start":{"line":202,"column":0},"end":{"line":216,"column":2}},"93":{"start":{"line":203,"column":2},"end":{"line":203,"column":26}},"94":{"start":{"line":205,"column":2},"end":{"line":210,"column":3}},"95":{"start":{"line":206,"column":4},"end":{"line":209,"column":7}},"96":{"start":{"line":212,"column":2},"end":{"line":215,"column":5}},"97":{"start":{"line":218,"column":0},"end":{"line":241,"column":2}},"98":{"start":{"line":219,"column":2},"end":{"line":221,"column":3}},"99":{"start":{"line":220,"column":4},"end":{"line":220,"column":41}},"100":{"start":{"line":222,"column":2},"end":{"line":224,"column":3}},"101":{"start":{"line":223,"column":4},"end":{"line":223,"column":44}},"102":{"start":{"line":226,"column":2},"end":{"line":240,"column":5}},"103":{"start":{"line":229,"column":4},"end":{"line":231,"column":5}},"104":{"start":{"line":230,"column":6},"end":{"line":230,"column":40}},"105":{"start":{"line":233,"column":4},"end":{"line":239,"column":7}},"106":{"start":{"line":234,"column":6},"end":{"line":236,"column":7}},"107":{"start":{"line":235,"column":8},"end":{"line":235,"column":37}},"108":{"start":{"line":238,"column":6},"end":{"line":238,"column":42}},"109":{"start":{"line":243,"column":0},"end":{"line":258,"column":2}},"110":{"start":{"line":244,"column":2},"end":{"line":246,"column":3}},"111":{"start":{"line":245,"column":4},"end":{"line":245,"column":41}},"112":{"start":{"line":247,"column":2},"end":{"line":249,"column":3}},"113":{"start":{"line":248,"column":4},"end":{"line":248,"column":17}},"114":{"start":{"line":251,"column":2},"end":{"line":251,"column":25}},"115":{"start":{"line":253,"column":2},"end":{"line":257,"column":18}},"116":{"start":{"line":260,"column":0},"end":{"line":260,"column":22}}},"branchMap":{"1":{"line":27,"type":"if","locations":[{"start":{"line":27,"column":2},"end":{"line":27,"column":2}},{"start":{"line":27,"column":2},"end":{"line":27,"column":2}}]},"2":{"line":36,"type":"binary-expr","locations":[{"start":{"line":36,"column":18},"end":{"line":36,"column":34}},{"start":{"line":36,"column":38},"end":{"line":36,"column":45}}]},"3":{"line":38,"type":"binary-expr","locations":[{"start":{"line":38,"column":18},"end":{"line":38,"column":34}},{"start":{"line":38,"column":38},"end":{"line":38,"column":40}}]},"4":{"line":47,"type":"binary-expr","locations":[{"start":{"line":47,"column":26},"end":{"line":47,"column":48}},{"start":{"line":47,"column":52},"end":{"line":47,"column":54}}]},"5":{"line":81,"type":"if","locations":[{"start":{"line":81,"column":2},"end":{"line":81,"column":2}},{"start":{"line":81,"column":2},"end":{"line":81,"column":2}}]},"6":{"line":84,"type":"if","locations":[{"start":{"line":84,"column":2},"end":{"line":84,"column":2}},{"start":{"line":84,"column":2},"end":{"line":84,"column":2}}]},"7":{"line":87,"type":"if","locations":[{"start":{"line":87,"column":2},"end":{"line":87,"column":2}},{"start":{"line":87,"column":2},"end":{"line":87,"column":2}}]},"8":{"line":93,"type":"if","locations":[{"start":{"line":93,"column":6},"end":{"line":93,"column":6}},{"start":{"line":93,"column":6},"end":{"line":93,"column":6}}]},"9":{"line":96,"type":"if","locations":[{"start":{"line":96,"column":6},"end":{"line":96,"column":6}},{"start":{"line":96,"column":6},"end":{"line":96,"column":6}}]},"10":{"line":99,"type":"if","locations":[{"start":{"line":99,"column":6},"end":{"line":99,"column":6}},{"start":{"line":99,"column":6},"end":{"line":99,"column":6}}]},"11":{"line":116,"type":"if","locations":[{"start":{"line":116,"column":8},"end":{"line":116,"column":8}},{"start":{"line":116,"column":8},"end":{"line":116,"column":8}}]},"12":{"line":122,"type":"if","locations":[{"start":{"line":122,"column":8},"end":{"line":122,"column":8}},{"start":{"line":122,"column":8},"end":{"line":122,"column":8}}]},"13":{"line":127,"type":"binary-expr","locations":[{"start":{"line":127,"column":19},"end":{"line":127,"column":23}},{"start":{"line":127,"column":27},"end":{"line":127,"column":29}}]},"14":{"line":141,"type":"if","locations":[{"start":{"line":141,"column":2},"end":{"line":141,"column":2}},{"start":{"line":141,"column":2},"end":{"line":141,"column":2}}]},"15":{"line":155,"type":"if","locations":[{"start":{"line":155,"column":2},"end":{"line":155,"column":2}},{"start":{"line":155,"column":2},"end":{"line":155,"column":2}}]},"16":{"line":166,"type":"if","locations":[{"start":{"line":166,"column":2},"end":{"line":166,"column":2}},{"start":{"line":166,"column":2},"end":{"line":166,"column":2}}]},"17":{"line":178,"type":"if","locations":[{"start":{"line":178,"column":2},"end":{"line":178,"column":2}},{"start":{"line":178,"column":2},"end":{"line":178,"column":2}}]},"18":{"line":187,"type":"if","locations":[{"start":{"line":187,"column":2},"end":{"line":187,"column":2}},{"start":{"line":187,"column":2},"end":{"line":187,"column":2}}]},"19":{"line":191,"type":"if","locations":[{"start":{"line":191,"column":2},"end":{"line":191,"column":2}},{"start":{"line":191,"column":2},"end":{"line":191,"column":2}}]},"20":{"line":191,"type":"binary-expr","locations":[{"start":{"line":191,"column":7},"end":{"line":191,"column":41}},{"start":{"line":191,"column":47},"end":{"line":191,"column":83}}]},"21":{"line":195,"type":"if","locations":[{"start":{"line":195,"column":2},"end":{"line":195,"column":2}},{"start":{"line":195,"column":2},"end":{"line":195,"column":2}}]},"22":{"line":195,"type":"binary-expr","locations":[{"start":{"line":195,"column":7},"end":{"line":195,"column":41}},{"start":{"line":195,"column":47},"end":{"line":195,"column":83}}]},"23":{"line":205,"type":"if","locations":[{"start":{"line":205,"column":2},"end":{"line":205,"column":2}},{"start":{"line":205,"column":2},"end":{"line":205,"column":2}}]},"24":{"line":219,"type":"if","locations":[{"start":{"line":219,"column":2},"end":{"line":219,"column":2}},{"start":{"line":219,"column":2},"end":{"line":219,"column":2}}]},"25":{"line":222,"type":"if","locations":[{"start":{"line":222,"column":2},"end":{"line":222,"column":2}},{"start":{"line":222,"column":2},"end":{"line":222,"column":2}}]},"26":{"line":229,"type":"if","locations":[{"start":{"line":229,"column":4},"end":{"line":229,"column":4}},{"start":{"line":229,"column":4},"end":{"line":229,"column":4}}]},"27":{"line":234,"type":"if","locations":[{"start":{"line":234,"column":6},"end":{"line":234,"column":6}},{"start":{"line":234,"column":6},"end":{"line":234,"column":6}}]},"28":{"line":244,"type":"if","locations":[{"start":{"line":244,"column":2},"end":{"line":244,"column":2}},{"start":{"line":244,"column":2},"end":{"line":244,"column":2}}]},"29":{"line":247,"type":"if","locations":[{"start":{"line":247,"column":2},"end":{"line":247,"column":2}},{"start":{"line":247,"column":2},"end":{"line":247,"column":2}}]}},"code":["'use strict';","","const path = require('path'),","    url = require('url'),","    util = require('util');","","const bodyParser = require('body-parser'),","    eventEmitter2 = require('eventemitter2'),","    express = require('express'),","    flaschenpost = require('flaschenpost'),","    request = require('request'),","    requireAll = require('require-all'),","    sha1 = require('sha1');","","const Endpoint = require('./Endpoint'),","    errors = require('./errors'),","    interval = require('./interval'),","    WellKnownPeers = require('./WellKnownPeers');","","const EventEmitter2 = eventEmitter2.EventEmitter2;","","const routes = requireAll(path.join(__dirname, 'routes'));","","const logger = flaschenpost.getLogger();","","const Peer = function (options) {","  if (!options) {","    throw new Error('Options are missing.');","  }","","  EventEmitter2.call(this, {","    wildcard: true,","    delimiter: '::'","  });","","  this.protocol = options.protocol || 'https';","  this.self = new Endpoint(options);","  this.metadata = options.metadata || {};","","  this.successor = new Endpoint(options);","  this.predecessor = new Endpoint(options);","  this.successors = [];","  this.fingers = [];","","  this.wellKnownPeers = new WellKnownPeers();","  this.wellKnownPeers.add(this.self);","  this.wellKnownPeers.add(options.wellKnownPeers || []);","","  this.handle = {};","","  this.app = express();","","  this.app.use(bodyParser.json());","","  this.app.post('/self', routes.self(this));","  this.app.post('/status', routes.status(this));","  this.app.post('/metadata', routes.metadata(this));","","  this.app.post('/successor', routes.successor(this));","  this.app.post('/successors', routes.successors(this));","  this.app.post('/predecessor', routes.predecessor(this));","","  this.app.post('/closest-preceding-finger', routes.closestPrecedingFinger(this));","  this.app.post('/find-predecessor', routes.findPredecessor(this));","  this.app.post('/find-successor', routes.findSuccessor(this));","","  this.app.post('/join', routes.join(this));","","  this.app.post('/notify', routes.notify(this));","  this.app.post('/stabilize', routes.stabilize(this));","  this.app.post('/fix-fingers', routes.fixFingers(this));","  this.app.post('/fix-successors', routes.fixSuccessors(this));","  this.app.post('/fix-predecessor', routes.fixPredecessor(this));","","  this.app.post('/handle/:action', routes.handle(this));","};","","util.inherits(Peer, EventEmitter2);","","Peer.prototype.remote = function (target) {","  if (!target) {","    throw new Error('Target is missing.');","  }","  if (!target.host) {","    throw new Error('Host is missing.');","  }","  if (!target.port) {","    throw new Error('Port is missing.');","  }","","  return {","    run: (fn, args, callback) => {","      if (!fn) {","        throw new Error('Function is missing.');","      }","      if (!args) {","        throw new Error('Callback is missing.');","      }","      if (!callback) {","        callback = args;","        args = {};","      }","","      const targetAsUrl = url.format({","        protocol: this.protocol,","        hostname: target.host,","        port: target.port,","        pathname: fn","      });","","      request.post(targetAsUrl, {","        body: args,","        json: true,","        keepAlive: true","      }, (err, res, body) => {","        if (err) {","          return callback(err);","        }","","        res.resume();","","        if (res.statusCode !== 200) {","          const errorSummary = {","            url: targetAsUrl,","            args,","            statusCode: res.statusCode,","            body: (body || '').trim('\\n')","          };","","          logger.warn('Failed to call a remote function.', errorSummary);","          return callback(new errors.UnexpectedStatusCode(`Unexpected status code ${res.statusCode} when running ${fn}.`, errorSummary));","        }","","        callback(null, body);","      });","    }","  };","};","","Peer.prototype.setSuccessor = function (successor) {","  if (!successor) {","    throw new Error('Successor is missing.');","  }","","  const fromStatus = this.status();","","  this.successor = new Endpoint({","    host: successor.host,","    port: successor.port","  });","  this.emit('environment::successor', this.successor);","","  const toStatus = this.status();","","  if (toStatus !== fromStatus) {","    this.emit(`status::${toStatus}`, {","      from: fromStatus,","      to: toStatus","    });","  }","};","","Peer.prototype.setPredecessor = function (predecessor) {","  const fromStatus = this.status();","","  if (predecessor) {","    this.predecessor = new Endpoint({","      host: predecessor.host,","      port: predecessor.port","    });","  } else {","    this.predecessor = undefined;","  }","  this.emit('environment::predecessor', this.predecessor);","","  const toStatus = this.status();","","  if (toStatus !== fromStatus) {","    this.emit(`status::${toStatus}`, {","      from: fromStatus,","      to: toStatus","    });","  }","};","","Peer.prototype.status = function () {","  if (!this.predecessor) {","    return 'unbalanced';","  }","","  if ((this.self.id === this.successor.id) && (this.self.id === this.predecessor.id)) {","    return 'lonely';","  }","","  if ((this.self.id !== this.successor.id) && (this.self.id !== this.predecessor.id)) {","    return 'joined';","  }","","  return 'unbalanced';","};","","Peer.prototype.fixSuccessor = function () {","  this.successors.shift();","","  if (this.successors.length === 0) {","    return this.setSuccessor({","      host: this.self.host,","      port: this.self.port","    });","  }","","  this.setSuccessor({","    host: this.successors[0].host,","    port: this.successors[0].port","  });","};","","Peer.prototype.getEndpointFor = function (value, callback) {","  if (!value) {","    throw new Error('Value is missing.');","  }","  if (!callback) {","    throw new Error('Callback is missing.');","  }","","  this.remote(this.self).run('find-successor', {","    id: sha1(value)","  }, (errFindSuccessor, successor) => {","    if (errFindSuccessor) {","      return callback(errFindSuccessor);","    }","","    this.remote(successor).run('metadata', (errMetadata, metadata) => {","      if (errMetadata) {","        return callback(errMetadata);","      }","","      callback(null, successor, metadata);","    });","  });","};","","Peer.prototype.isResponsibleFor = function (value) {","  if (!value) {","    throw new Error('Value is missing.');","  }","  if (!this.predecessor) {","    return false;","  }","","  const id = sha1(value);","","  return interval({","    left: this.predecessor.id,","    right: this.self.id,","    type: 'leftopen'","  }).contains(id);","};","","module.exports = Peer;",""],"l":{"3":1,"7":1,"15":1,"20":1,"22":1,"24":1,"26":1,"27":5,"28":0,"31":5,"36":5,"37":5,"38":3,"40":3,"41":3,"42":3,"43":3,"45":3,"46":3,"47":3,"49":3,"51":3,"53":3,"55":3,"56":3,"57":3,"59":3,"60":3,"61":3,"63":3,"64":3,"65":3,"67":3,"69":3,"70":3,"71":3,"72":3,"73":3,"75":3,"78":1,"80":1,"81":0,"82":0,"84":0,"85":0,"87":0,"88":0,"91":0,"93":0,"94":0,"96":0,"97":0,"99":0,"100":0,"101":0,"104":0,"111":0,"116":0,"117":0,"120":0,"122":0,"123":0,"130":0,"131":0,"134":0,"140":1,"141":0,"142":0,"145":0,"147":0,"151":0,"153":0,"155":0,"156":0,"163":1,"164":0,"166":0,"167":0,"172":0,"174":0,"176":0,"178":0,"179":0,"186":1,"187":3,"188":0,"191":3,"192":3,"195":0,"196":0,"199":0,"202":1,"203":0,"205":0,"206":0,"212":0,"218":1,"219":0,"220":0,"222":0,"223":0,"226":0,"229":0,"230":0,"233":0,"234":0,"235":0,"238":0,"243":1,"244":0,"245":0,"247":0,"248":0,"251":0,"253":0,"260":1}},"/home/travis/build/npmtest/node-npmtest-p2p/node_modules/p2p/lib/Endpoint.js":{"path":"/home/travis/build/npmtest/node-npmtest-p2p/node_modules/p2p/lib/Endpoint.js","s":{"1":1,"2":1,"3":11,"4":0,"5":11,"6":2,"7":9,"8":0,"9":9,"10":9,"11":9,"12":1},"b":{"1":[0,11],"2":[2,9],"3":[0,9]},"f":{"1":11},"fnMap":{"1":{"name":"(anonymous_1)","line":5,"loc":{"start":{"line":5,"column":17},"end":{"line":5,"column":36}}}},"statementMap":{"1":{"start":{"line":3,"column":0},"end":{"line":3,"column":29}},"2":{"start":{"line":5,"column":0},"end":{"line":19,"column":2}},"3":{"start":{"line":6,"column":2},"end":{"line":8,"column":3}},"4":{"start":{"line":7,"column":4},"end":{"line":7,"column":44}},"5":{"start":{"line":9,"column":2},"end":{"line":11,"column":3}},"6":{"start":{"line":10,"column":4},"end":{"line":10,"column":40}},"7":{"start":{"line":12,"column":2},"end":{"line":14,"column":3}},"8":{"start":{"line":13,"column":4},"end":{"line":13,"column":40}},"9":{"st
[...]
Failed to send job.', err);","    /* eslint-disable no-process-exit */","    process.exit(1);","    /* eslint-enable no-process-exit */","  }","","  const target = res.body.endpoint;","","  logger.info(`Sent job ${job.id} to ${target.host}:${target.port}.`, { job, target });","});",""],"l":{"3":1,"5":1,"10":1,"12":1,"14":1,"19":1,"28":0,"29":0,"31":0,"35":0,"37":0}},"/home/travis/build/npmtest/node-npmtest-p2p/node_modules/p2p/samples/worker/server-1.js":{"path":"/home/travis/build/npmtest/node-npmtest-p2p/node_modules/p2p/samples/worker/server-1.js","s":{"1":1,"2":1},"b":{},"f":{},"fnMap":{},"statementMap":{"1":{"start":{"line":3,"column":0},"end":{"line":3,"column":39}},"2":{"start":{"line":5,"column":0},"end":{"line":14,"column":3}}},"branchMap":{},"code":["'use strict';","","const server = require('./serverBase');","","server.run({","  http: {","    port: 3000","  },","  p2p: {","    port: 3001,","    portJoin: 4001","  },","  serviceInterval: '1s'","});",""],"l":{"3":1,"5":1}},"/home/travis/build/npmtest/node-npmtest-p2p/node_modules/p2p/samples/worker/serverBase.js":{"path":"/home/travis/build/npmtest/node-npmtest-p2p/node_modules/p2p/samples/worker/serverBase.js","s":{"1":1,"2":1,"3":1,"4":1,"5":1,"6":3,"7":3,"8":3,"9":3,"10":3,"11":0,"12":3,"13":0,"14":3,"15":0,"16":3,"17":0,"18":0,"19":3,"20":3,"21":3,"22":0,"23":0,"24":0,"25":0,"26":0,"27":0,"28":0,"29":3,"30":1},"b":{"1":[0,0],"2":[0,0]},"f":{"1":3,"2":0},"fnMap":{"1":{"name":"(anonymous_1)","line":15,"loc":{"start":{"line":15,"column":17},"end":{"line":15,"column":36}}},"2":{"name":"(anonymous_2)","line":52,"loc":{"start":{"line":52,"column":24},"end":{"line":52,"column":49}}}},"statementMap":{"1":{"start":{"line":3,"column":0},"end":{"line":5,"column":27}},"2":{"start":{"line":7,"column":0},"end":{"line":9,"column":43}},"3":{"start":{"line":11,"column":0},"end":{"line":11,"column":37}},"4":{"start":{"line":13,"column":0},"end":{"line":13,"column":22}},"5":{"start":{"line":15,"column":0},"end":{"line":78,"column":2}},"6":{"start":{"line":16,"column":2},"end":{"line":16,"column":42}},"7":{"start":{"line":18,"column":2},"end":{"line":19,"column":119}},"8":{"start":{"line":22,"column":2},"end":{"line":22,"column":49}},"9":{"start":{"line":25,"column":2},"end":{"line":38,"column":5}},"10":{"start":{"line":40,"column":2},"end":{"line":42,"column":5}},"11":{"start":{"line":41,"column":4},"end":{"line":41,"column":43}},"12":{"start":{"line":44,"column":2},"end":{"line":46,"column":5}},"13":{"start":{"line":45,"column":4},"end":{"line":45,"column":53}},"14":{"start":{"line":48,"column":2},"end":{"line":50,"column":5}},"15":{"start":{"line":49,"column":4},"end":{"line":49,"column":57}},"16":{"start":{"line":52,"column":2},"end":{"line":57,"column":4}},"17":{"start":{"line":53,"column":4},"end":{"line":53,"column":44}},"18":{"start":{"line":54,"column":4},"end":{"line":56,"column":7}},"19":{"start":{"line":59,"column":2},"end":{"line":59,"column":24}},"20":{"start":{"line":61,"column":2},"end":{"line":61,"column":29}},"21":{"start":{"line":63,"column":2},"end":{"line":75,"column":5}},"22":{"start":{"line":64,"column":4},"end":{"line":74,"column":7}},"23":{"start":{"line":65,"column":6},"end":{"line":67,"column":7}},"24":{"start":{"line":66,"column":8},"end":{"line":66,"column":35}},"25":{"start":{"line":68,"column":6},"end":{"line":73,"column":9}},"26":{"start":{"line":69,"column":8},"end":{"line":71,"column":9}},"27":{"start":{"line":70,"column":10},"end":{"line":70,"column":37}},"28":{"start":{"line":72,"column":8},"end":{"line":72,"column":25}},"29":{"start":{"line":77,"column":2},"end":{"line":77,"column":51}},"30":{"start":{"line":80,"column":0},"end":{"line":80,"column":28}}},"branchMap":{"1":{"line":65,"type":"if","locations":[{"start":{"line":65,"column":6},"end":{"line":65,"column":6}},{"start":{"line":65,"column":6},"end":{"line":65,"column":6}}]},"2":{"line":69,"type":"if","locations":[{"start":{"line":69,"column":8},"end":{"line":69,"column":8}},{"start":{"line":69,"column":8},"end":{"line":69,"column":8}}]}},"code":["'use strict';","","const fs = require('fs'),","    http = require('http'),","    path = require('path');","","const bodyParser = require('body-parser'),","    express = require('express'),","    flaschenpost = require('flaschenpost');","","const p2p = require('../../lib/p2p');","","const serverBase = {};","","serverBase.run = function (options) {","  const logger = flaschenpost.getLogger();","","  const certificate = fs.readFileSync(path.join(__dirname, '..', '..', 'keys', 'localhost.selfsigned', 'certificate.pem')),","      privateKey = fs.readFileSync(path.join(__dirname, '..', '..', 'keys', 'localhost.selfsigned', 'privateKey.pem'));","","  /* eslint-disable no-process-env */","  process.env.NODE_TLS_REJECT_UNAUTHORIZED = '0';","  /* eslint-enable no-process-env */","","  const peer = p2p.peer({","    host: 'localhost',","    port: options.p2p.port,","    privateKey,","    certificate,","    metadata: {","      host: 'localhost',","      port: options.http.port","    },","    wellKnownPeers: [","      { host: 'localhost', port: options.p2p.portJoin }","    ],","    serviceInterval: options.serviceInterval","  });","","  peer.on('status::*', status => {","    logger.info('Changed status.', status);","  });","","  peer.on('environment::successor', successor => {","    logger.info('Changed successor.', { successor });","  });","","  peer.on('environment::predecessor', predecessor => {","    logger.info('Changed predecessor.', { predecessor });","  });","","  peer.handle.process = function (payload, done) {","    logger.info('Processing job.', payload);","    done(null, {","      endpoint: peer.self","    });","  };","","  const app = express();","","  app.use(bodyParser.json());","","  app.post('/job', (req, res) => {","    peer.getPeerFor(req.body.value, (errGetPeerFor, node) => {","      if (errGetPeerFor) {","        return res.sendStatus(500);","      }","      peer.remote(node).run('process', req.body, (err, result) => {","        if (err) {","          return res.sendStatus(500);","        }","        res.send(result);","      });","    });","  });","","  http.createServer(app).listen(options.http.port);","};","","module.exports = serverBase;",""],"l":{"3":1,"7":1,"11":1,"13":1,"15":1,"16":3,"18":3,"22":3,"25":3,"40":3,"41":0,"44":3,"45":0,"48":3,"49":0,"52":3,"53":0,"54":0,"59":3,"61":3,"63":3,"64":0,"65":0,"66":0,"68":0,"69":0,"70":0,"72":0,"77":3,"80":1}},"/home/travis/build/npmtest/node-npmtest-p2p/node_modules/p2p/samples/worker/server-2.js":{"path":"/home/travis/build/npmtest/node-npmtest-p2p/node_modules/p2p/samples/worker/server-2.js","s":{"1":1,"2":1},"b":{},"f":{},"fnMap":{},"statementMap":{"1":{"start":{"line":3,"column":0},"end":{"line":3,"column":39}},"2":{"start":{"line":5,"column":0},"end":{"line":14,"column":3}}},"branchMap":{},"code":["'use strict';","","const server = require('./serverBase');","","server.run({","  http: {","    port: 4000","  },","  p2p: {","    port: 4001,","    portJoin: 3001","  },","  serviceInterval: '1s'","});",""],"l":{"3":1,"5":1}},"/home/travis/build/npmtest/node-npmtest-p2p/node_modules/p2p/samples/worker/server-3.js":{"path":"/home/travis/build/npmtest/node-npmtest-p2p/node_modules/p2p/samples/worker/server-3.js","s":{"1":1,"2":1},"b":{},"f":{},"fnMap":{},"statementMap":{"1":{"start":{"line":3,"column":0},"end":{"line":3,"column":39}},"2":{"start":{"line":5,"column":0},"end":{"line":14,"column":3}}},"branchMap":{},"code":["'use strict';","","const server = require('./serverBase');","","server.run({","  http: {","    port: 5000","  },","  p2p: {","    port: 5001,","    portJoin: 3001","  },","  serviceInterval: '1s'","});",""],"l":{"3":1,"5":1}},"/home/travis/build/npmtest/node-npmtest-p2p/node_modules/p2p/integration/createPeers/env/formRing.js":{"path":"/home/travis/build/npmtest/node-npmtest-p2p/node_modules/p2p/integration/createPeers/env/formRing.js","s":{"1":1,"2":1,"3":1,"4":0,"5":0,"6":0,"7":1},"b":{},"f":{"1":0},"fnMap":{"1":{"name":"(anonymous_1)","line":8,"loc":{"start":{"line":8,"column":17},"end":{"line":8,"column":44}}}},"statementMap":{"1":{"start":{"line":3,"column":0},"end":{"line":4,"column":43}},"2":{"start":{"line":6,"column":0},"end":{"line":6,"column":40}},"3":{"start":{"line":8,"column":0},"end":{"line":13,"column":2}},"4":{"start":{"line":9,"column":2},"end":{"line":9,"column":33}},"5":{"start":{"line":10,"column":2},"end":{"line":12,"column":15}},"6":{"start":{"line":11,"column":4},"end":{"line":11,"column":30}},"7":{"start":{"line":15,"column":0},"end":{"line":15,"column":26}}},"branchMap":{},"code":["'use strict';","","const async = require('async'),","    flaschenpost = require('flaschenpost');","","const logger = flaschenpost.getLogger();","","const formRing = function (peers, callback) {","  logger.info('Forming ring...');","  async.each(peers, (peer, done) => {","    peer.join(peers[0], done);","  }, callback);","};","","module.exports = formRing;",""],"l":{"3":1,"6":1,"8":1,"9":0,"10":0,"11":0,"15":1}},"/home/travis/build/npmtest/node-npmtest-p2p/node_modules/p2p/integration/createPeers/env/isRing.js":{"path":"/home/travis/build/npmtest/node-npmtest-p2p/node_modules/p2p/integration/createPeers/env/isRing.js","s":{"1":1,"2":1,"3":1,"4":0,"5":0,"6":0,"7":0,"8":0,"9":0,"10":0,"11":0,"12":0,"13":0,"14":0,"15":0,"16":0,"17":0,"18":0,"19":0,"20":0,"21":0,"22":0,"23":0,"24":0,"25":0,"26":0,"27":0,"28":0,"29":0,"30":0,"31":1},"b":{"1":[0,0],"2":[0,0],"3":[0,0],"4":[0,0],"5":[0,0],"6":[0,0],"7":[0,0],"8":[0,0]},"f":{"1":0,"2":0,"3":0},"fnMap":{"1":{"name":"(anonymous_1)","line":9,"loc":{"start":{"line":9,"column":15},"end":{"line":9,"column":42}}},"2":{"name":"(anonymous_2)","line":12,"loc":{"start":{"line":12,"column":23},"end":{"line":12,"column":39}}},"3":{"name":"(anonymous_3)","line":17,"loc":{"start":{"line":17,"column":44},"end":{"line":17,"column":74}}}},"statementMap":{"1":{"start":{"line":3,"column":0},"end":{"line":5,"column":43}},"2":{"start":{"line":7,"column":0},"end":{"line":7,"column":40}},"3":{"start":{"line":9,"column":0},"end":{"line":67,"column":2}},"4":{"start":{"line":10,"column":2},"end":{"line":10,"column":33}},"5":{"start":{"line":12,"column":2},"end":{"line":23,"column":4}},"6":{"start":{"line":13,"column":4},"end":{"line":15,"column":5}},"7":{"start":{"line":14,"column":6},"end":{"line":14,"column":16}},"8":{"start":{"line":17,"column":4},"end":{"line":22,"column":7}},"9":{"start":{"line":18,"column":6},"end":{"line":21,"column":8}},"10":{"start":{"line":25,"column":2},"end":{"line":25,"column":35}},"11":{"start":{"line":27,"column":2},"end":{"line":66,"column":5}},"12":{"start":{"line":28,"column":4},"end":{"line":44,"column":7}},"13":{"start":{"line":30,"column":8},"end":{"line":30,"column":24}},"14":{"start":{"line":33,"column":8},"end":{"line":33,"column":29}},"15":{"start":{"line":36,"column":8},"end":{"line":36,"column":31}},"16":{"start":{"line":39,"column":6},"end":{"line":41,"column":7}},"17":{"start":{"line":40,"column":8},"end":{"line":40,"column":29}},"18":{"start":{"line":42,"column":6},"end":{"line":42,"column":51}},"19":{"start":{"line":43,"column":6},"end":{"line":43,"column":21}},"20":{"start":{"line":46,"column":4},"end":{"line":48,"column":5}},"21":{"start":{"line":47,"column":6},"end":{"line":47,"column":27}},"22":{"start":{"line":50,"column":4},"end":{"line":53,"column":7}},"23":{"start":{"line":51,"column":6},"end":{"line":51,"column":80}},"24":{"start":{"line":52,"column":6},"end":{"line":52,"column":84}},"25":{"start":{"line":55,"column":4},"end":{"line":56,"column":84}},"26":{"start":{"line":58,"column":4},"end":{"line":60,"column":5}},"27":{"start":{"line":59,"column":6},"end":{"line":59,"column":61}},"28":{"start":{"line":61,"column":4},"end":{"line":63,"column":5}},"29":{"start":{"line":62,"column":6},"end":{"line":62,"column":59}},"30":{"start":{"line":65,"column":4},"end":{"line":65,"column":19}},"31":{"start":{"line":69,"column":0},"end":{"line":69,"column":24}}},"branchMap":{"1":{"line":13,"type":"if","locations":[{"start":{"line":13,"column":4},"end":{"line":13,"column":4}},{"start":{"line":13,"column":4},"end":{"line":13,"column":4}}]},"2":{"line":19,"type":"binary-expr","locations":[{"start":{"line":19,"column":8},"end":{"line":19,"column":50}},{"start":{"line":20,"column":8},"end":{"line":20,"column":50}}]},"3":{"line":39,"type":"if","locations":[{"start":{"line":39,"column":6},"end":{"line":39,"column":6}},{"start":{"line":39,"column":6},"end":{"line":39,"column":6}}]},"4":{"line":46,"type":"if","locations":[{"start":{"line":46,"column":4},"end":{"line":46,"column":4}},{"start":{"line":46,"column":4},"end":{"line":46,"column":4}}]},"5":{"line":58,"type":"if","locations":[{"start":{"line":58,"column":4},"end":{"line":58,"column":4}},{"start":{"line":58,"column":4},"end":{"line":58,"column":4}}]},"6":{"line":58,"type":"binary-expr","locations":[{"start":{"line":58,"column":8},"end":{"line":58,"column":29}},{"start":{"line":58,"column":33},"end":{"line":58,"column":69}}]},"7":{"line":61,"type":"if","locations":[{"start":{"line":61,"column":4},"end":{"line":61,"column":4}},{"start":{"line":61,"column":4},"end":{"line":61,"column":4}}]},"8":{"line":61,"type":"binary-expr","locations":[{"start":{"line":61,"column":8},"end":{"line":61,"column":27}},{"start":{"line":61,"column":31},"end":{"line":61,"column":65}}]}},"code":["'use strict';","","const _ = require('lodash'),","    async = require('async'),","    flaschenpost = require('flaschenpost');","","const logger = flaschenpost.getLogger();","","const isRing = function (peers, callback) {","  const peersWithNeighbours = [];","","  const getPeerIndex = function (self) {","    if (!self) {","      return -1;","    }","","    return _.findIndex(peersWithNeighbours, function (peerWithNeighbours) {","      return (","        peerWithNeighbours.self.host === self.host &&","        peerWithNeighbours.self.port === self.port","      );","    });","  };","","  logger.info('Verifying ring...');","","  async.eachSeries(peers, (peer, doneEach) => {","    async.series({","      self: done => {","        peer.self(done);","      },","      successor: done => {","        peer.successor(done);","      },","      predecessor: done => {","        peer.predecessor(done);","      }","    }, (err, peerWithNeighbours) => {","      if (err) {","        return doneEach(err);","      }","      peersWithNeighbours.push(peerWithNeighbours);","      doneEach(null);","    });","  }, err => {","    if (err) {","      return callback(err);","    }","","    peersWithNeighbours.forEach(peerWithNeighbours => {","      peerWithNeighbours.successor = getPeerIndex(peerWithNeighbours.successor);","      peerWithNeighbours.predecessor = getPeerIndex(peerWithNeighbours.predecessor);","    });","","    const predecessors = _.uniq(_.pluck(peersWithNeighbours, 'predecessor').sort(), true),","        successors = _.uniq(_.pluck(peersWithNeighbours, 'successor').sort(), true);","","    if (predecessors[0] !== 0 || predecessors.length !== peers.length) {","      return callback(new Error('Predecessors are broken.'));","    }","    if (successors[0] !== 0 || successors.length !== peers.length) {","      return callback(new Error('Successors are broken.'));","    }","","    callback(null);","  });","};","","module.exports = isRing;",""],"l":{"3":1,"7":1,"9":1,"10":0,"12":0,"13":0,"14":0,"17":0,"18":0,"25":0,"27":0,"28":0,"30":0,"33":0,"36":0,"39":0,"40":0,"42":0,"43":0,"46":0,"47":0,"50":0,"51":0,"52":0,"55":0,"58":0,"59":0,"61":0,"62":0,"65":0,"69":1}},"/home/travis/build/npmtest/node-npmtest-p2p/node_modules/p2p/integration/createPeers/env/stop.js":{"path":"/home/travis/build/npmtest/node-npmtest-p2p/node_modules/p2p/integration/createPeers/env/stop.js","s":{"1":1,"2":1,"3":1,"4":0,"5":0,"6":0,"7":1},"b":{},"f":{"1":0},"fnMap":{"1":{"name":"(anonymous_1)","line":8,"loc":{"start":{"line":8,"column":13},"end":{"line":8,"column":40}}}},"statementMap":{"1":{"start":{"line":3,"column":0},"end":{"line":4,"column":43}},"2":{"start":{"line":6,"column":0},"end":{"line":6,"column":40}},"3":{"start":{"line":8,"column":0},"end":{"line":13,"column":2}},"4":{"start":{"line":9,"column":2},"end":{"line":9,"column":35}},"5":{"start":{"line":10,"column":2},"end":{"line":12,"column":15}},"6":{"start":{"line":11,"column":4},"end":{"line":11,"column":20}},"7":{"start":{"line":15,"column":0},"end":{"line":15,"column":22}}},"branchMap":{},"code":["'use strict';","","const async = require('async'),","    flaschenpost = require('flaschenpost');","","const logger = flaschenpost.getLogger();","","const stop = function (peers, callback) {","  logger.info('Stopping peers...');","  async.each(peers, (peer, done) => {","    peer.stop(done);","  }, callback);","};","","module.exports = stop;",""],"l":{"3":1,"6":1,"8":1,"9":0,"10":0,"11":0,"15":1}},"/home/travis/build/npmtest/node-npmtest-p2p/node_modules/p2p/integration/createPeers/env/waitUntil.js":{"path":"/home/travis/build/npmtest/node-npmtest-p2p/node_modules/p2p/integration/createPeers/env/waitUntil.js","s":{"1":2,"2":0,"3":0,"4":0,"5":0,"6":0,"7":0,"8":0,"9":0,"10":0,"11":0,"12":0,"13":0,"14":0,"15":0,"16":0,"17":0},"b":{"1":[0,0]},"f":{"1":0},"fnMap":{"1":{"name":"(anonymous_1)","line":10,"loc":{"start":{"line":10,"column":18},"end":{"line":10,"column":44}}}},"statementMap":{"1":{"start":{"line":3,"column":0},"end":{"line":6,"column":38}},"2":{"start":{"line":8,"column":0},"end":{"line":8,"column":40}},"3":{"start":{"line":10,"column":0},"end":{"line":42,"column":2}},"4":{"start":{"line":11,"column":2},"end":{"line":41,"column":4}},"5":{"start":{"line":13,"column":6},"end":{"line":39,"column":8}},"6":{"start":{"line":15,"column":10},"end":{"line":15,"column":81}},"7":{"start":{"line":17,"column":10},"end":{"line":37,"column":23}},"8":{"start":{"line":18,"column":12},"end":{"line":18,"column":23}},"9":{"start":{"line":20,"column":12},"end":{"line":36,"column":14}},"10":{"start":{"line":22,"column":16},"end":{"line":22,"column":48}},"11":{"start":{"line":25,"column":16},"end":{"line":33,"column":19}},"12":{"start":{"line":26,"column":18},"end":{"line":28,"column":19}},"13":{"start":{"line":27,"column":20},"end":{"line":27,"column":42}},"14":{"start":{"line":29,"column":18},"end":{"line":29,"column":34}},"15":{"start":{"line":30,"column":18},"end":{"line":32,"column":46}},"16":{"start":{"line":31,"column":20},"end":{"line":31,"column":36}},"17":{"start":{"line":44,"column":0},"end":{"line":44,"column":27}}},"branchMap":{"1":{"line":26,"type":"if","locations":[{"start":{"line":26,"column":18},"end":{"line":26,"column":18}},{"start":{"line":26,"column":18},"end":{"line":26,"column":18}}]}},"code":["'use strict';","","const async = require('async'),","    cmp = require('comparejs'),","    flaschenpost = require('flaschenpost'),","    parse = require('parse-duration');","","const logger = flaschenpost.getLogger();","","const waitUntil = function (peers, options) {","  return {","    have: fn => {","      return {","        equalTo: (expected, callback) => {","          logger.info('Waiting for peers to fulfill predicate...', { expected });","","          async.each(peers, (peer, doneEach) => {","            let actual;","","            async.until(","              () => {","                return cmp.eq(actual, expected);","              },","              doneUntil => {","                peer[fn]((err, result) => {","                  if (err) {","                    return doneUntil(err);","                  }","                  actual = result;","                  setTimeout(() => {","                    doneUntil(null);","                  }, parse(options.interval));","                });","              },","              doneEach","            );","          }, callback);","        }","      };","    }","  };","};","","module.exports = waitUntil;",""],"l":{"3":2,"8":0,"10":0,"11":0,"13":0,"15":0,"17":0,"18":0,"20":0,"22":0,"25":0,"26":0,"27":0,"29":0,"30":0,"31":0,"44":0}}}